630/1105
.X....XXX.X.X.X.#.X.#.X.X.X.X.X.X.X.X.X.X.X.X.#.X.X.#.X.#....X..
.X.X.#....................................................X#.X.X
..X...XXX.X.X.XX.X.X.X.XXXX.XXXXX#XXXXXXXXXX.#X.X.X.X.X.#.X..X..
.X.X.X.X.X.X.#...#XXXX#....#................#XX#X#XX#..X..#X.X.X
.............#XXXXXXXX#.X#...XX.X.#.X#.XX.#XXXXXXXXX..XX#XX..X..
.X.X.X.X#XXXXX.X.#.X.X.XX.XXX#.X.XX.X.#X.#X.X.X.X.X.X..X...#.X.X
..XXXX#...............................................##.X...X..
.XX#XX.X#XXXXXXXX.XXX.XXX.X.X.XXXX.X.X.X.X.#.X.X.#X.X..#..X#.#.X
..#..............#...X..##X#X#....X...XX#.X.X...#X.XX.XX.X...X..
.X.XX.XXXX#X.X.XX.XX.X.##XXXXXX.X..X.XXXX.X.XX.X......#...XX##.X
.....#.......X.XX.X..X..XXXXXXX..X#...X#..X.#..#.X.X.X.X.#XX#X..
.XX.X.XXXXX.X...X..X.X.XXXXXXX..X#.X.X..#.X..X..X#..#X.X..XXX..X
#X#.........#X.X..X..X..XXXXXX#.......X.X.X.X..XX..XXX.X.#.X.#..
....X.X.X.X.X...#..X.X.X.#.#.XX#XX.X.XX.X.#.XX..#X..X..X.#.....#
.XX..X#XXX...X.X..X..X..........#..X.X..X.X..#.X#..XXX.X...X##..
..X.X...X#X.#...X..X.X.X#.X.XXXX..#X#XX.#.X.X...XX.XX...XXXXXX#.
.X..#.X...X..X.X..X..X.X..#.....X..XXX..X.X..X.XXX.#XX.X.X.X.XX.
..X..X.XX.X.X...X..X.X.#.XX##.XX..XXXXX.X.X.X...#.X#X...........
.XX.X.....X.#X.X..X..XX..#XX...XX..##X....X.X.#X.....#.XXXXX#XX.
..X...#.X.X.X...X.X#..X.X.X.#.XX..X.X.X.XX..X..X.X.X..........#.
XX.XXX#X##.X.X.#...X.X..X.#....#X.........X.X.XX..X.#.X.X.X#XX..
................X.X...X.X.X.X.X...X.X.X.XX..X.X..XX.XX.X#.X.X.X.
XXXXXXXXXXXXX.X.X..X.X..X.X#X.#.#.XXX#..#.X..#XX..X.......X.X.X.
..............X.X.X..XX.X..##..#......X...X.X....X.X##.X.X..X...
.XX.X.#X.X.X.X..X..X....X.XXX#.#.##.XX..X.X.X.XX.....#X##.X.X#X#
XX#X.XX.X.X.X.X.#.X..#XXX..XX...XXXXXXX.X.X.X.X..X.X#.........X.
..................#X.#....X#XX.XXXXX#X...#...#XX..X.X.X.X.X.X.X.
XXXXXXXXX.X.X.X.X.X..X.XX..#XX.X.X#X..X.X.#.XXX..XX.X..XX#...X..
.........#X..XXX..XX...X..#X#........X....X..#.X..X..#..XX#.X#X.
.X#.X.#X...#..#XX...#XXXX..X.X#.X.XX..X.X.X.X....#..XX.#XX...X..
..XXXXXXX#X..X#X..X..#.X.X.X.X.X.X...X#.X.X.X.XXX..#...XX.X.X.X.
.X.#X.#X.X.X..XXX..X.......X.#...#.X.#..X.X.X.X.X.X..X#.........
.............#.X..#.X#.#XXXX.XX.X.#...X.#.X.X......X..X.X.X.X.X.
XXXXXXXXXX.X.X.X#.....#.........#..X.X..X.X..XXXX.X..XX.XXXX##..
...........X.....X.XXX.XXX.#.XX.XX.X.XX.X.X.X......X.#.X.XX...X.
.X.X.X.X.XX#XXX#XX.#.......X..X.X..X.X..X.X..XXX.X.X........#X..
..XXXXXX#............X.X.#X..#.X.X.X#XX.X.X.X.X.XX.X.X.X.XXX###.
.X.X.#.X.XXXXX#XXXX.#XXXX..#.........X..X.#........X.X..X....X..
..................XXX.X.#.X.XX#XXX.##.X.XX..X.X#.X.X.X.X.X.XXX#.
#.X.X.#XXXXXXX.XX#......................#XX..X..X..X.X.......#..
.X...X........#XXX.X.XXX#XXXXXXXXX.X.X.X.X..X.X.XX.#..#.X.#X.X.X
.#X.X.X.XXX#XX.X#.XXX.............XXX.X...X.....X..X.#.X...X.X.X
..X..................#XX.X.X.X.XX#.XX.XX.X..X.#.#X.X.X.X#.XXX...
.X#.X.X.X.XX.XX.#.X#XXX#X...XX.XX.....X...X..XX..X.X.#.....XXX.X
..#..X...X..#X.X.#X..##.X#.XXX....#XXXXX.XX.X#..X.#X.X.XX.XXX...
.#..X.X.XX#.........X.........#.XXX.X.X...X...#....X.X..X..XXX.X
.XX.X....XX.X.X.X.X#X.X.X.#.XX##.......X.X.#XX..XX.X##.##.X.#...
..X.X.X.X....X##...X..XX.XX.X..#.X.X.X.X.....#X.X..X.#.X#.X.XX.X
.XX.X.X..XXXX.X.X.X.X..#......X...X.X..X.##X..X..#......X...X...
...#..#.X.............X..X.#X..X.XX.XX.X..X..X.XX.XXX##X.XXX.X.#
.X..X.X.X.X.#.X.X.X.#..XXX#XX.X.....X..X.X.X.........#..........
..XX..#.X.#..XXXXX.#X.#X.X.#..X.#.X.#X.X.X.#.X.X.X.XX..X.X.X.#X.
.XXXX.X..X.XXXX.............XX.X.#X.X..X.X.X.#..XXXXX##XXXX.X...
..X#X.X.XX.X.#.XXXXXXXXXXX#..........X.X.X.X.X.X.X.XXX...XX.X.X.
.X#...#.X..................#XX.X.X.XX..X.X.X.X........##....#.XX
....X#X.XX.X.X.XXXXXXXXXXXX.X.X.#.X.XX.X.X.X.X.X.X.XX.XXXXX.....
.XX..XX.X...X..........................X.#.X.#.#XXX......#.X.XXX
..X.X..#.X.X.X#XXXX.X#.X.XXXX#XX#XXXXXX.#X.X.X.X#X#.X#.X........
.X...X.............#XXX.................#..X.X.#.#.X.XX..X.X.XXX
.XX.XXX.X#XXXXX#.XX.##.X.X.X#X#XXXXXXXXX.X.X.##........X.X..X#..
..X..XX..X......#X#......X.#X..............X..X.X.X.XXX..X.X#XX.
#.X.X...#..XX.X.XXX.XX.X.#...#.#.X.X.X.X.X.X.X..XX.#XXXX.X..#X#.
X.X.X.XX.XXX..XX.X.X.#.X.X.X.X.XX.X.X.XXXX.X.X#.....XX.X.##.#.X.
..#.........#..........#.X.X.............#.X...#X.#......X......
