XX#......#....#...........#XXXXXXXXXXXXXXXXXXX#XXXXXXXXX#.....................................#............................##...#......#.................#.X..#.....#XXXXXXX#.................#................#.............#.............#XXXXXXXXXXXXXXXXX#XX
XX#.X#.X..#.XX..X.X.X.X.#..X##X.X.X.X.X.X.X.X.X.#.X.X.X.X.XX.X#.X.X#.X.X.X.#.X.X.X.X.X.X.X.XX..XXX.X.X.X#.X.X.X.X.X.X.X.XX..X.X.X#X.X.X#.X#X.X.X.X.X.X.X.....X..X.X.XXXXXXXXX#X.X.X.X.X.#.#X.X..XX.X.X.X.X.X.X.#.X.X.X.X.X.X..XXX.X.X.#X.X.XXXXXXXXXXXXXXXXXXXXX
XX...X..X.#.X.X.XX.X#XXXX#.................................X..XX.X.#X.XXXXXXXXXXXXXXXXXXXXXX..XX#.X#.#XXXXXXXXXXXXX#XXX#X..X#.X..XXX..##..XXXX..XXXXX##XX.XXXXX..XX..XXXXXXXXXX#XXXXXXXXXXXX..X..XXXXXX.#XXXX..X..XXXXXXX..#.XXXXX#XX#X..XX.X.X.#X.X.X.X.X.X.X.#
#XX.X..XX.X.............X..XX.#X.X.X.#.X.#X.X.X.X.X.##X.#XX..XXX......#XXXXXXXXXXX#XXXXXXXXXX..#.....#XXXXXXXXXXXXXXXXXXXX.XXX..XXXX#..X.XXX#..XX.#.X.#X.X.X.#X.XX..XXXXXXXXX##XXXXXXXXX#.X.X.X.XXXX#XX.X#X#.X..X#XXXXXXXX.#.#XXXXXXXXX#........................
XX...X..X.X.X.X#.X.X.XX.#X..XXXXXXXXX#XXXXXXXXXXXXXXXXXX...#..X.X.X.X.XXXXX#XXXXXXXXXXXXXX##..XX.X#X.XXXXXXXXXXXXXXXXXXXXX.#X#X..XXX#X.#.#.XXX..................#XX..XXXXXXXXXXXXXXXXXX#......#..#X#.XX..#X....#XXXXXXXXX..XX.X.X.X.##.X.X.X.X.X.X.X.X.X.X.X.#X.
##X.X..#.X.X.X.XX.X.X#..X..#XXX#XXXX#XXXXXX#XXX#XXXXXXXX.X...#....#XX.XXXXXXXX##XXX#X#XXXXXXX..X...XX.#X.X.#X.X.X.X.X.X.X.#.....#XXXXX.XX.....#X.X.#.X.#.X.X.X.#XX..#XXXXXXXXXXXXXXXXXXX.X.XX..X..X.....#...##.#.X.X.XX#X#................X.X.X#X.X.X.X.X.X.XX..
.X...#................X..X..XXXX##XXXXXXXXXXXXX#X#X#XXX...XX#X.XX.X#.X.X.X.XX#XXXX#XXXXX#XXX..X..#..........................X.X.X.X#X...X.X.X..XXXX#XXXXX.XXXXX#XXX..XXXXXXXXXXXX#XXXXXX.XXX..X#.XX.X.X.X.X.#...........#..XX.#.X.X.X.X.#.....................X.
.XX.X.#.#.X.X.X.X.X#XX..X..XXXXXXXXXXXX#XXXXXXX#XXXXXXXX.XXXX..#..............##XXXXXXX#XXXXX.X.X..X.X.X.X.X.X.X.X.X.X.X.X.X..#......X.X...X..XXXXXXXXX#X.XXXXXXXX..XXXXXXXXXXXXXXXXXXX...#XX..X..X..X....##..#.X.X.X.X..X.X.X.X.X.X.#XXX#.#.X.X.X.X.X.X.X#.XX..
.X..#...#XXXXXXXXX....X..X..#XXXX#XXXXXXXXXXXXXXXXXX#XX...XXXX.X.#.X.X.X.X.XX.#.X.#.X.X.X.XXX..#XX..X#XXX.X.X.X.X.X.#.X.XXXXX..X.X.#X..#X.#XX..XXXXXXXXX..XXXXXXXXX..XX#XXXXXXXX#X#XXXXX.XXX#.X..X..X..#X..XX..XXXXXXX..X..........#..X.X.X.X.X.X.X.X.X.X#.X.X#.
..X..X.XXXXXXXXX#XX.XX..#..XXXXXXXXXXXXX#XXXXXXXXXXXXXXX.#XXX...#.#XXXXX#XX..................#..X..XX#.....................X..XXXXXXXX.X...X..XXXXXXXXXXX..XXXXXXX..XXXXXXXXXX##XXXXXXX...XX..#X.XX..X.X..XX..XX#XXXX##..X#.X.X.XX..X...................#X.X....
.#X.X..XXXXXXXXXXX..XXX..X..XXXXXXXXXXXXXXX##XXXXXX#XXX..XXXXX.#X.XX.X.X.#X.X#.X.X.X.X.X.X.XX..XXX..X#.X.#.X.XX.#.X#X.X.#X..X..XXX#XX...X.XXX..X#XXXXXXX..XXX#XX#XX..XXXXXXXXXXX#XXXXX#X.X#XX..X.X..X...X..XX..XXXXX#X..XXXXX#XXX..X..XX.X.X.X.#.X.#.X#..X..#X.X
.....#..X#.X.X.X.X#..X..X..XXXXXXXXXXXXXXXXXXXXXXXXXXXXX..XXX...X.........X...XXXX#X#XX#XXX..X..X..XX...X..XX#.X.X.X.X.X.XXX..XX#XXXXX.X...X..XXXXXXXXXXX..#XXX##X..XX#XX.#X.#.X.X.X.XX...XXX.X.X.X..X.#..XX..XXX#XXXXX..XXXXXXXXX..X#XXXXXXXX..X.XXXX..X..XX#..
.X.##..X............##X..X..XXXXXXXXXXXXX#XXX##XXXXXXXX..#XXXX.#..X#X.X.#.X#X..X#XXXXXXXXXX.X..#X#..XX.XX#..X..............##..XXXXXX...X.XXX..XXXXXXXXX..XXXXXXXXX..#.................X.X..........#X.XX.XXX.XXXXXXXXX.XXXXXXXXX..XXXXXXXX#X..XX.X.X.X.XX..#..#
..XXXX..X.#.X.X.X.X..X..X..XXXXXXXXXXXXXXXX#XXXXXXXXXXXX..XXX...X..XXX.X..XX..XXXXXXXX#XX#X..X..X..XX...X..XX.X.X.X.X.X.XX....#XX#XXXX.X...XX.X.X.X.X.X.X..XXXXXXX..X..XX.X.X.X.X#X.XXX...XX.#.X.#X..X..X.X#X.XX#X#X#XX.XXXXXXXXXX..XXXXX#.X.X..#..........X..#X
.XXXX..X..#XXXXXXXX.XXX..X..XX##XXXXXXXXXXXX#XXX#XXX#XX..XX#X#.#..XXX#.XX..#X..XXXXXXXXXXX..#..XXX..XX.XXX..X..XXXXXXXXXX#X.X..XXX#XX...X.#...............#.X.X.X.X..X..X##X..XX.X.X.X.#.#.XX.XXXXX.XX#X.X.X.X.##X.X.X.#.X.X.X.X.X.X.#.XX......#..X.X.##.X.X.X#X
..XXXX..X..XXXXX#XX.XX..#..XXXXXXXXXX#X#XXXXXXXXXX#XXXXX..XXXX..X..XX..X..#X..X#XXXXX#XXXXX..X..X..XX...X..X..XX.X.#.X.X.X.#.X#.X.X.#X.X..X.X#.#.X#.X.X.X...........X..X#XXX#............#.......#..X#....................................#.XX..X..XXXX#X..X.#X#
.XX##..X..XX.X.X.X.X.#X.XX..XXXXX#XXXXXXX#XXXX#XXXXXXXX..XXXX..X..XXXX..X..XX..XXXXXXXXXXX..X..XXX..XX.XX#..#..........................#X..XXXXXXXXXXX#XX#.X.X.X.XX#XX..X.XX..X#X.X.X.X.XX.X.X.XX.#X.X.XX.X.X.#.X.X.X.X.X.X.X.X.X.#.X.X.X#XXX..X..XXXXXX#.X...XX
.X#X#X..#................#.X#XXX#XXXXXXXXXXXXXXXXX#XXXXX..XXXX..X..XX..X..X.X.X.X.X.X.X.X.X..X..X..XX...XXX.X#X.X.#.X.X.X.X.X.X.X.X#.X.X..XXXX#XXXX#X#XXXXXXXXXXXXXXX..X....X..XXX##.X..X..#..#........#XXXXXXXXXXXXXXXX#XXX.X.X.X.X.#XX..#XXX..#..XXXXX...X.XXX
...X...X..X.#X.X.X.X.X.#X..#XXXXXXXX#XXXXXX#XXXXXXXX#XX..#XXX..X#.X.XX..#...................X..XXX..XX.XXX#.XXXX#X..XXXXXXXXXXXXXX..#...X..XXXXXXXXXXXXXXXXXXXXXXXXXXX.X.XX#..X#XXXX.XX..XX..X..X.X.X.#XXXXXXXXXXXX#XX#X#X#.............X.XXX..X..XXXXXXX.X...XX
#X.X.#.XX..X..XXXXXX#XXXXX..XXXXXXX#XXXXXXXXXXXXXX###XX#.#X#.#..X......X..XX.#.X#.X.X.X.X.X..X..X#.XX#.#XX...XXXXXX..XXXXX#XXXXXXX.XXX.X..XXXXX#XXXXXXXXXXXXXXXXXXXXX#...XX#X..XXXX..X..XXXX..X..X.XXXXXXXXXXXXXXX#XXXXXXXX.X.X.X.X.X.XX...XXX..X..XXXXX...X.XX#
.#X..X.X..XX.X.X.#.X.X.XX..XXXXXXXXXXXXXXXXXXXXXXXXXXXX..XX#...#X#.X.X..X..XX#X.XX.X.X#XXXX#X..#X#.X#.X.X.#.#XX#XX..#XXXXXXXXXXXXX..X...X..XXX#.##XXXXXXXXXXXXXXXXXX#.X#X.X.X.##.X.X.#X..#X..XX.XX.XXXXXXX#XXXXXXX#XXX#XXX..#XXXX#XXXXXXX.XXXX.X..XXXXXX#.X...#X
.#XX..X#X..X.............X..#XXXXXXXXXXXXXXXXXXXXXXXXXXX..XXX.XXXXXXX..X..X..........#XXXXXX#X..X...........#XXXXXX..#XXXX#X#XXXX..XXX.X..XXXXX.XXXXXXXX#XXXXXXXXXXX#................X..XXX#....#...XXXX#XXXXXX#XX##XXXXXXX.XXXX#XXX#XXX...XX..#X..XXXXX...X.XXX
.XX..XXX..X..XX.X.X.#.X#X..#XXXXXXX#XX#XX##XXX#XXXXXXXX..XXX..#XXXXXXX..X..XX.X.X.XXXXXXXXXXX..XX.X###X#X.X.XXXXX#..#XXX#XXXXXX#X#..X...X..XXXX..XXX#XXX#XX#XXXXXXXX..XX.X.X.#.X.X.X#XX..X#..X.#X#.#XXXX#XXXXXXXXX#XXXXXXX...XXXXX#XXXX##.X#.X##..X#XXX#X.X...XX
..XX..XXX..XXXXX..X#XXXXXX.XXXXXX#XXXXXXXXXXXXXXX#XXX#XX..XXX..XXXXXX..X..XX..XX.X.X.#.X.X.X.#.#.X.X.X.X.X.X.X.X.#X..XX#XXXXXXXXX#.XXX.X..XXXX..XXXXXXXXX#X#XXXXXXXXX..XX.XXXXXXXXXXXX..XX.X.XXXXX..XXXXXXXXXXXXXXXXXXXXXX#.XX##XX.X.X.##......#X..XXXXX...X.XXX
.#X..X.#X.X#.X##X..XX#XX#X.XXXXXXXX#X#XXXXXXXXX#XX#XXXX..XXX..XXXXXXXX..X..##.......................................#XXXXXXXXXXX#X..X...X..X#XX..#X#XX#XXXXXXXXXXXXX..XXX.XXXX##XXXXXX#......#X#X..#X.X.#.X.X.X.X#.X.X.X.XX..X#.........#.X.XX..X.XXXXXXX.X...XX
..X#..............#.X.X.#.X.X.#.X.X.X.X.X#.X.X.X##.X##.X..XXX..#XX.X.X.#..XX..X.X.X.X.X.X.X.X.#.X.X.X.X.X.X.X.X.X.X..XX#XXXXXXX#X..XXX.#..X#XX..XXXXXXXXXXXXXX#XXXXXX..X...X#XXXXXXXXX..X.X.#X#XX#..........................#X..X.X.X.#...X..X.X...XXXXX...#.XXX
.X#..X.X.#.X.X.XXX.......................................#XX..X.........X.XXX..X.X.X.X.X.X.X.#XXXX.X.X.X.X.X.XXXX#..XXXXX##XX#XXXX..X...X..XX#X..XX##XXXXXXXX#XXXXXX..XXX.XXXXX#XXXXXXX..XXXXXXXX..X#X.X.X.X.X#.X.X.X.X.##X.#XX..XX#XX..XX..X..#X.#XXXXXX.X...XX
..XX.#XXXX#XXXX..X.X.X#.X.X.X.X.#.X.X.X#.X.X.X.X.X.#.X.#.#X#X..XX.X.X.##...X..XX.X............#............#....#.X.#XX#XX#XXX#XX..X.X.X..XXXX..XXXXXXXXXXXXX#X#XXXXX..X...XXXXXXXXXXX..XXXXX#XXXX..##X...X#XX#XXXXXXXX#XX...X..XXXXXXX..X#..X..X.XXX#XXX.XX.#XX
.XX#.#XXXXXXXXX.XX.XXXXXXXXXXXXXXXXXXXXXXXXXXX#XXXXX#.X#..X...XXXXXXX#...#..X..X.X.XX.X.X.X.X.X#X.#.X.#.XX.XX.X.X.X.XXXXXXXXXXXXX#.....#X..XXXX..XXXXXXXXXXXXXXXXX#XX.X.X.##XXXXXXXXXXX..XXXXXXXX..XXXXX.XX#X#X.X.X.X.X.X.X.XXX..XXXXX..XX..X..X...XXXXXX.#..X.#
..X...XXXXXX#X#.X...XXXXXXXXXXXXXXXXXXX#X#XXXXXXX#....X..XX.XX.X.#X.#..X#..XX.XX..XXXX#XX#XXX..XXX#XX.#XXX.X..X...X.XXX#XXXXXXXXXX#XX.XX..XX#X..#XXX#XXXXXXXX#XXXXXX#.....#.X#.X.X.XXX..XXX#XXXXXX..XXX...X..................#..XXXXXXX..XX..X..#XX.#X.X.X.#....
.#XX.X###XXXXX..##.XXXXX#XXXXXX#XXXXXXXXXXXXXXX#XX#X.#XX..X..........#..XX..X....#XX#XXXXXXX..XXXXXX..X.#.X.X..XXX.X.X.X.X.X.#X.#.X.X#.XX..#..X.#XXXXX#XXXXXXXXXXXXXX#.XX.............X..XXXXXXXX..XXXXX.X..XX.X.X.X.X.X.X.#..X..XXXXX..XX..X..X.............XX.
.XX...XXXXXXXXX..#..#XXXXXXXXXXXXXXXXXX#XXXXXXX#XXX...X..X..XX.X.X.X.X.#X..XX#.X..XXXXXXXXXX#..XX#XX#.........##..........................#X.X..XX.X.X.#XXXXXXXXXXXXXXXXXX#X.X.X.X.XXX..X#XXXXXX#X..XX#...X..XXXXXX#XXXXXXX..X..XXXXXXX..XX..#..XX.#X.X.#.X.##X.
..XX.X#XXXXXXX..X..XXXXXXX#XXXXX#X#XXXXXX##XXXX#XXXX.XXX..X..XXXX.##.X...X.XXXX..XXXXXXXXXXX..XXXXXX..XX.X.XXXXX.X.X.X.#X.#.##.X.X.X#.X.X..X..#.........XX.#X.X.X.X.X.X.X.X.X.X.#.X.X.X.XXXX#XXXX..XXXXX.#X.XXX#XXXX#XXXXXXX..X..#XXXX..XX..X..XXX#X#XXXX#X#XX..
.XX...X.X.#.X.X..X..XX#XXXXX#XXX##XXX#XXXXXXXXXX#XX...X..X..XXXXX.XX..XX##.#X#XX..XXXXXXXX#XX..X#XXXX..#.X#.#.....XXX#XXXXXX..XX.#XXXXXX..X..X..X.X.X.#.................................##X#XX#XXX..XXX..X..XXXXXX#XXXXXXXX..X#.XX#X##X..X#..X..XXXXXXX#XXXXXXX.
...X.X..........X..##XXXXXXXXXXXXXX#XXXX#XXXXX##XXXX.#XX..X.X.X.X.X..XX.X.X.X.X..XXX#XXXXXXX..#.X.X.X.X#......X.#.X#.X#X#XXXX.X...XXX.X.X.XX..X..XX#XX#.X.X.X.X.#X.X.X.X.#X.X.X.X.X.X.##XXXXXXXXX..XX#XX..XX.X.X.X.X.X.X.X.X.X...XXXXX..XX..X..XXXXXXXXXXXXXXX..
#X.X.X.X.X.X.XX..#..XXXXXXXXXXXXXXXXXX#XXXX#X#XXXXX..XXX.X........##...........X.XXXXXXXXXXX#..........X.X.X.#XX#......#XXXXX..X.X...........X..#XXXXX#..X#X#XXXXXXXXXX.X#XXXXX#.XXXXXXXX#XXXXX#XX..X.X..X...................#X.XXXXXXX.XX#..X..XX#XXX#X#XXXXXX.
X..X...#X#XXXX..X..#XXXXX##XX#XXXXXXXXXXXXXXXXX#XXXX..XX.X.X.X.XX#XX.#.X.X.X#X...XXXXXXXXXX#XXXX.X.X.X.#.XXXXXXXX##.#X..XXXX..X...XX##.X.#.X..#.X.X.X#..XXXXXXXXXXXXXXX.XX#XXXX#.XXXXXXXXXXXXXXXX..XX.#X..XXX.X.X.#.X.X.X.X.XXX.XXXXXXX.XX..X..XXX#XXXXXXXXXX#..
XX..#X..XXX.X.X.X.XX#XXXXX#XXXXXXXXXXXXXXXXXXXXXX#X..XX.X.X.X.X.#.X.X.X.X.X.X.##X.X.X.X.X.#.X.X.X.X.X.X.X.X.X.X.#X.X.X.X.X.XX..X.X....#XXXX..X#.......X..X#XXXXX#XXXXX..#XXXXXX..X.#X.#X.X.X.X.X.X.X..X..X...XXX#XXX.X.#.#.X.X.X.X.#.X.X.XX..X..XXXXXXXXXXXX#.X.
X..XX..X........X..XXXX#XXXXXXXXXXXXXXXXXXXXXX#XXXX#..........................................................................X...XX.XXXXXXX..X#.X.XXX..XXXXXXXXXXXXXXX..X#X#XX#...................#X..X..XX.XXXXXX#........................#..XXXXXXXXXXXX#....
#X..XX..XX.X.X.X..XX.X.X.#X.X.X.X.X.X.X.X.#.X.X.XXX..X.#X.#X.#.X.X.X.X.#X.X.#X.X.X.X.X.X.X.X.#.##.X.X.X.X.X.X.#.X.X.X.##.X.XX..X.XX..XXX#XX..XXXXXXXXXX..XXXXXXXXXXXX#..XXXXXXX..XX.X.#.X.X.X.X.X.#X..X..XX..X.X.X.X.XX.X.X.X.X.X.X.X.X.X.X..X..XXXXX##XXXXX.XX.
X..XX..XXXXXXXXX#..................................X..X..XX.X.X.X.X.X.X..XXXXXXX#XX.X.X.#.X#X.X.XX.X.X.X.X.XXX#XXXXX.XXXXXXX..X...XX..XXXXXX..XXXXXXXX..#XXXXXXXXXXXXX#..#XXXXXX..XXXX#X.X.X.#.X.X.XX..X..X#...........X...X#X.X.XXXXXXXXX..X..XXXXXXX#XXXX...X.
XX..XX..XXX#.XXX..#X.X.X.#X.#X.X.X.X.X.X.X.X.X.X.XX..#X#..............#.XXXXX#X#....#.........#............XX##XXXXX.XXXXX#XX.X#.XX..X#XXXX..XXXXXXXXX#..XXX#XXXXXXXXXX.###XXXX..XXX#.................X..X#..XX.##X.#X..X.X......#XXXXXXXXX..X..XXX.#X.X.#.X.#..
X..X.X.X.#X.....X..XXXXXXX#XXXXXXXXX###XXX.XX#XXX..#..X.#X.X.X.X.X.XX...#XXXXXX..X.XX#XX.X#.XXXXXX.X.#X.X##.##.X.X.X..XXXXXX#.#...XX..XXX#XX..XXXXX#XX..XXXXX#XXXXXXXX..XXXXXXXX..XX..X.X.X.X.X#.X.XX#XX..XX..XX.XXX##.X...X.X.X..XXXXXXXX..X..X.............#X.
X#..........#.XX..XXXXXXXXXXXXXXXXXXXX#XX...XXX#..X..XX.X#XXXXXX.XXXX#X..X#XXXXX.#..XXX..XXXX.X.X.X.X.#..............#XXXXXXX#XX.XX..XXXX##..XXX#XXX#XX.#XX#XXXXXXXXXX#..XXXXXX..XXXX..X..XXXXXXXXX#X#X..XX..X#.....X...X.#..XXX.XXXXXXXXXX..X..XXX.X.X.X.XX##..
XXXXX.#.X#X.XXXXX..XXXXX#XXXXXXX#X#XXXXXX#.XXXXX.XXX..X..XXX#XX...XXXX..XXXXXXX#.X.##XXX..#.............X#X.X.X.X.XX..XXXXX#XXX...XX..#XXXXX..#XX#XXXX#..XXXXXXXXX#XXX..XXXXXXXX..XX..X##..#.X.X.X.#.X.X..X#..X.X.X..X.X...X..XX.X#XXXX#XX..X..XXX#XXXXXX..X#XX.
#X.X.X.X.X.X.#XX..X#XXX#XXX#XXXXXXXXXXXXX...XXX..XX..X..XXXXXXXX.#XXXXX.#XXX#XXXX..XXX#..X..XX.X.X.#.X.#XXXX...XXXX..XXXXXXX#XXX.XX..XXX#XX..XXX#XXXXX..XXXXXXXXXXXXXXX..XXXXX#..XXXX..X..X..............#X..X#..X..X...X.X..XX.X.#.X#.##.X..X..XXXXXXXX..XXXX..
................X..XXXXX#X#XXXXXX#XXXXXXXX.XXXXX..#X..X..XX#XXX..XXXXX...XXXX#XXXX..####..X..XX.X.XXXX#.#XXXX.#XXXXX..#XXXX#XXX...#X..XX.X.X.X.X.X.XX.X..XXX#XXXXXXXXX..XXXX#XXX..XX..XX.#X.X.X.X.X.X.X#...X..X.XXX.#X.X...X..............#.XX.X.X.X.X.XX..XXXX.
.X.X.X.X.#X.X.XX..XXXXXXX#X#XXXXXXXXXX#X#...XXX..XX..X..XXXXXX#X..XXXXX.XXXXXXXXX..#XXXX.X..X........#..#XX#..XXXXX..XXXX#XXXXXX.#X..#................X.X.X.X.X.X.X.X.X..XXXXXX..XXXX.#X.X..XXXX#XXXXXXX##X..X...X..X..#X.X..X.X.#.X.X.XXX...X............#X#X..
..XXXXX.XXXXX..XX..XXXXXXXXXXXXXXXXXXX#XXX.XXXXX..XX.XX..#XXXXX..#X#XX...X#X#XXXXX.XXXX..XX..X.#.X.X.X.XXXXXX..XXX.X.X.X.X.X#XX...XX..#XX.X.#.X.X.X.X.#.................#XXXXXXX..XXX.X...#..XXXXXXXXXXXXXXX..X.XXX..X.X...X..XXXX..XXX.X.X.X.XX#.X.#.X.X..X#.X.
.X#XXXX.XXX#..XX..X#XXXXXXXXXXXXXXXXXXX##...XXX..X#.....#X#X#.XX..XXXXX.XXXXX#XXX...XXXX..#.X..XX.X.X..XXXXX..X................X.#...XXXXXXXXXXXXX#X#..#.X.X.X.X.X.X.XX#.X#.XXX..XX#..#X.X..#XXXXXXXXXXXXXX..XX..X..X...X.X..#XXX..X.............##XXXXX..X...#.
..XXXX#.XXXXX..XX..XX#.X.X.X.X.X.X.X.XX..X.XXX#X..X##.X..X.......#XXXX...X#XXXXXXX.XXXX..X...X.......#..XXXXX..XXXX.#.X#.X.X.#X..#.X#.X.X.X.X.#.X.X..#..X.XXXXXXXXXXX..........#..XX.X...X.XXXXXX#XXXX#XXX#X.#..XXX.XX.X...X..XXXX..#XX.X.X#.X.#..X#XX#XX..X.X..
.X#XXX...XXX..#X..X.....................X...XXX..XXXXX..X..X.X.X..XXXXX.X##XXXXX#...XX#X.#X.X..#.X.#...#.XXX..X.X.#XXXXXXXXXXXXX.#..................X..XX.#.X.X.X.X.X.X.X.X.XXX..X...X.X#..XXXXXXXXXXXXXXX#...X..X...#..#.X..X#XX..X.X.X.#.XXXX..X#XXXXX..X..#X.
..XXXXX.#XX#X.XXX..XX.#.X.X.X.X.X.X.X.X.#X.XX#XX..#XXX#..XX..XX..XXXXX..#XXXXXXXXX.X.....X...X..##XXX.X.....#......X#XXX#X##XXX..X.X.X.X.X.X.X.X.XX..X..X.............X..XXXXXXX..XXX..XXX..XXXXXXXXXXXXXXXX.X..X.#XX..X...X..XXX#.............X..XXXXXXX..X.X..
.#XXXX..XXXX...X..XX..X#X#XXXXXXXXXXXX#.X...XXX..XX.X.X.X.XX..XX..XXXXX..#XXXXXXX...XX.#..#.#X.X...#X.X.X.X.#.XX.#...X#.X.X.X.XX..XXXX#XX#XX#X.XXXX#X..#..XX.X.X.X.X.X..XX.#XXXX.X.X.X..X..XX.#.X.X.X.#.XXX...X......X..X.XX.X###..XX.X.X.X.X#X..X#XXXXX..X...X.
..#.X#X..XXXX.XXX..XX..XXXXXXXX#XXXXXX...#.XXXX#.............#X..XXXXX..XXXXXXXXXX.XXX..XX...X.#.X....X..X...X#X#X.X.............#XXX#XXXXXXX...XXXXXX..#..XXXXXXXX.XX#.....#XX#.......#X#.................#.X..XX.X#..X...X.XXX#X.#XXXXX..XXXXX..XXX#XX#..X.X..
.X......#XXX...X..XX..XXXXXXXXX#XXXXXXX.#X..XXX..X#X.X.#.X.X..X#.#XX#XX..XXXXXXXX...X..XX.X.X.XX..X.XX..X#X.X.X.X.X.XX.X#.X.X.XX..XXXX#XXXXX##.XX#XXX..X#.#XXXXX#X#.#XX##.X.X#X##.X.#XXXX..X.X.X.X.XX.X.X#X...X.X...XX..#.#.X.#XXX.XX#XX..X#.X.X.X#X#XXX..X...X.
.X.X.XX.X.X.X.#XX.X.X..XXXX##XXXXXXXXX..X..XXXXX..XXXXXXX.X..XX...XXXX..XX#X#XXXX#.XX#...........#XX#XX..X.............#XX.X.XX..XX#XXXXXXXXXX..#XXXXX.#X.X.X.X.X.X..XXX##..X#.X.X.X.X.X.X#.X..X#.X#.X.X.X.X.XX..#.#X..X#......#XX.X#X###.........#XXXXXX..X.#..
X...X.........XX#.....#X#X#XXXX#XXXXXXX..X..#X##.X#XXXXXX.XX.#XX.XXXXXX.X.X.X.X.#X..X..XX.##.X.X..XXXX..XX.#.#.X.X.X#X#........X.#XXXXXXXXXX#..#XXXXX...X...........#XXXXX#.................#X.............#.X.XX..#XX.X..XX.X.XX.X.X.X.##X.X.X.##XXXXXX..#..XX.
XX.X#.X#.X.XXX.X.#.XX..XX.X.X.X.X.X.X.X.X..X.....#XXXXXX..X...X...XXX#.............#XX..XX##XX#X.XX##XX..X..XXXXXXXXXX..#.X.##.#..XXXXXXX#XXXX.XXXXXXX.X#X.X.X.X.X#X#XXXXXX.X.X.X#.X.X.X#.X.X.XX.X.X.X.X.#.X......#XX..#X..XX#............#X.X.X.#X.X.#XX..X....
X...#..XXXX#......XX..X..................X..XXX.XXXXXXXXX.#X.XXX.##XX..#.X.X.X.X.X..X#.XXXXXXX#X.XXXXX..XX#.#XXXXXXXXXX..X..XXX..XXXXXXXXXXXX...#XXXX...X.###.X.X.X.X.X#.X.XX..XXXXXXXXXX#.......#XXXXXXX...##.XX..#XX.X..XXX..X.X.#X.#X.X.............X..#..#.#
XX.X..XXXXX..XX.#..XX.X.XX.X.X.X.X.X.X.#X..XX#.#.X#.X.XX..X...X...XXXX..X#XXXXXXX..X...#.X.X#.X.X.X#.##..#...XXXXXXXXX..#X#..XXX..XXXXXXXXXXX#.X##.X.X.X......................##XXXX#XXXX..#.X.X..#X.X.X.X.X.XX..#..X#..X..XXX..XXXXXXXX..X#.#.X.X.X.X.X#..X.X#.
#...X.#XXXXX..XX.#....#..XX#X.XXX.XXXXXXXX..X...........X..X.XXX.XXXX..XXXXXXXXX#X..#XX.................#XX.XXXXXXXXXXX..X..XX#..XXXXX#X#XXXX#...........#.X.X.X.X.X.X.X.X.#X..XXXXXXXXXXX..XXX..X..............X..XX#.X..XXX..XX#X#.#X..XXXXX##XXX.#X.X..X...X.
XX.#...XXX#..X#X.X#X##..XXXXX.XX#..XX.#XX..XX.X.X#.X.##X..#...X...XXXX.XX#XXXXXXX..XXXX.X.X.X.X.X.X.#.X..#...XXX#XX#XX..XX#..XXX..XXXXXXXXXXX..XX.X.X.#X#X#X##XXXXXX#XXXX.XX..XXXXXXXXX#X..XXXXX.X.XX.X.X.X.#.XX.X.XX...X..XXX..X......X..XXXX##XXX.X...X..X#X..
X...X.XXXXXX..X..XXXXXX..XXX..XXX#.......X..X..XXXX.X.#.X..X.XXX.XXXXX.XXXXXX#XXXX.X##X..XXXXXXXXX#XX#X.X#X.XXX#XXXXX#X..X..X#X#.X#XXXXXXXXXXX..XXXXXXXXXXX#...#XXXXX#......#.X#XXXXXXXXXX..#X#..XXX.X.X.X.X.#.......X.X..XXX..X..X##.X..XXXX#.#X#X..X.XX.X#.XX.
XX.#X.XXXXX..#XX..XX#X..XXXXX..XX..X.X.XX..X..#XXX#.......#...X...XXX.X.X.#.X.X.#..#....XXXXXXXXXXXXXXX...#.#XXXXXXXXXX.XXX..XX...XXXXXXXXXXX#.XXXX#XXXXXXX..X.XXXXXXX.XX.#.....#XXXXXXXX#.XX#..#..............XX.#XX..#X..XXX..X.#XX..#..XXXX.XX#..X...X.......
X..#...#XXXX..X..XXXXX#..XXX..X..X.XX..XXX..X..XX.X.XX.X#..X.XXX.X................#..XXX.X.X.X.X.X.X.X.#X.#XXXXXXXXX#X...X..XXXX.XXXXXXXX#XXXX.XXXXXXXXXXXXX.#..XXXXXX.XXXXXXXX##XXXXXXXXX.XXX.X..XX.##.X.X.####XXXXXX..X.XXX..XX.XX..#..#XXX..XXXX..X.XX#.X.XX.
XX.X.#.#XXX..XXX..XXX#..XX#XX..X.....X..#..XX#......#..#X#X...X#..#X.X.X.#X.X.#X.X..#...................#.X.X.#.X.X.X.XX#XX..XX#.XXXXXXXXXXXXX.XXXXXXX#XXX#X.#.XX.X.#.X.X.X.X.X.X.X.X.#.#.X.X.X.X.XXXXXXX#XXXXXXXX#XXX.X#....X.X.X.XX.#.XXXXXX..XX..X...X#X.X##.
X...XXXXXXXX.#X..XXXXXX..XXX..#XXX#XX..XX#..X..#.X.#XX..X..X.XXX.XXXXXXXXXXX#XXXXX.X..X.X.X.X.X.X.X.X.X.X................#..X.#.#.X.X.X.X.X.X.X.X.X.X.X.X.X.##.....................................X#XXX#XX#XXXXX#XXXX.XXX.X.X........X..XXXX..#XXX.X#.X......X.
X#.X.X.#.X.X.X.X..XXXX..#XXXX..#.X.X.X..X..X.X.#X.XXX..XX.XX.XX#..#XXXXXXXXXXXXXXX..X..X.XX#X#XXXXXXXX...X.X.X.X##.#.X.#..#....................................X.#X.#.X.X.X.X.X.X.X.X.#.#.#X.X.X.##.X.X.X.X.X.X.X.X.X.X.X.X.X.XXX.X.XX..XXXXXX..XX...X..XX.XX#..
X#...............#XXXXX..XXX..X........#X#...........X..#....XXXX.XXXXXXXXXX#XXXX..X..XX.XXXX#XXXXXXX#X.XXXXXXX...X#X.X..X..XX.X.X.X.X.X.X.X.X.X.X.X.#.#X.X.X.#XXXX#XXXXXX#XXX.X.X.X.X.X.X##X.X.X................................#XXXXX..XXX#..XXXX.X..#X..X.X.#
X..XX.#.X.#.#.XX..XXX.X.X.X.X.X.X.X.XX.#X..XX.#.X.XXX..X..X.#.##.X.X.X.X.X.X.X.#.X..X..X..XXXXXXX##XXX...XXXXXX.X.X.X.XX..X..X#.X.X.X.X.X.X.X.X.X.XXXX##.X.X.X.X.X.X.X.X.X#.....................X.X.X.X.X.X.X.X.X.X.X.X.X.X.X.XX..XX#X..X#XXXX..XX...X..X#......
.X..XXX#.X.X.#X..X............X..X.XX...XX..XX.XXXXX#X..X..X.......................X..#..XXX#X#XXXXX#XX.#XXX#X..X.....X..X..X.....................#XXXX#...................#X.#.X.X.X.#.X.X.X.X#...X.#XX.XXXX#XXXX#XXXXXXXXX.XX..XXXXXX...#XX..XXXX.X..#X..X#.#.
.#.XX#X#.......X..XX.X.#.X.XXX..XX.#XX.XX..X...XXXXXX..X..XX.X#.X.X.X.X.X.X.X.X#.X..X..X..XXXXXXXXXXXX..XXXXXX#..X.XX..X..X..XX.#.X.#X.X.X.X.X.XX..XXXXXX.X##.X.X.#.X.X.XX..X..#XX#XXXXXXXXXXXXX#.XX.XXX.XXXXXXXXXXXXXXX#......X..X#.#.XX.XXXX..XX...X..XX..XX#.
......#X#XX.X.X..#XXXX#XXXXXX#X..X..X...XX.#.X#.X.X.XX..X.X...XX.XXXXXXXXXXXXXXXX..#..X#.XX.X.X.X.X.X.#..XXXXX..#X#X..#..X..XXXX##XX..X..X#XXXXX..XXXXXXX..XXX#XXX.X#XX#X..XXX.XXX#XXXXXXXXXXXXXX..X..X..XXXXXXX#XXXXXXX..X.X.X..X........#XX..XXX#.X..XX..XXX..
.X#.X....#.XX.#X..XXX#XXXXXXXX..X..XXX.XXX.#...........X...X.X#..XXXXXXXXXXXXXXXXX..X..X................#XXXX#X..XXX#..X..X..X#.X.X#X.XX..XXXXXXX..XXX#X..XXX#XXXX.XXXXXXX..XX.XXXXXXXXXX#XXXXXX..X..X#X..XXXXXX#XXXXXXXX..XX..X..X.X.X.X.#XX#..X#...X..XX..XXX.
#XXXX#.XX.....#..XXXXXXXXXXXXXX..X..X.....#X.X.X.X.X.X..X.#...X.X.X.X.#.X.X.#.XXX..X..X..X.#.X.X.X.X.#.XXX##XX..XXXX..X..X#.XX........X..XXXXXXXX.#.XX..X..XXXXXXX..XXXXX..XX...X#XX###XXXXXXXXX#..X..X..X.#X.X.X.X.#.X.X.XX..X..X...XXX#..XXX.#XX#.X..X.X.XXX..
XXXXXXX#X.X.X..X..XXXXXXXXXX#X..X..X..#.X..X.X..X##.XX.X...X.X#..................X..X.#X.#XXXXXXXXXXXX.#XXXXXXX..XXXX..X..#....#.X.X#.XX..XXXXX##......X..#XXXXXX..X.X.X.X.X.X.#XXX#XXXXXX#XX#X#..#..#X#...................#X..X..X.X#XX..XX#..#XX..X#........X.
XXXXXX#X..XX..X#.XXXXXXXXXXXXXX..X..X.XX#.XX#..XXX#....XX.X...X.XX.X.X.X.X.X#.XXX..X#..X..XXXXXXXX#XX...XXXXXX..XXXX..X..XX#.X..XXXXX.#..XX##XXXX#.X.X..X..XX#.XXX.............#XXXXXXXXXXXXXXXX.XXX..XXXXXX.X.X.X.XX.XX.X.X..X..X...XXXX..XXX..XX#..XXXX.X.X.X.
XXXXXX#XX..XX.X#.XX#XXXXXXXXXX..X..X...X...XXX..X#X.X.#....X.X...XXXX#..XXXXXXXXXX.X..XX.X.X.X.X.X.#.#.XXXXXXXX..XXXX..X..XXXX.X.X.X.X.X..XXX#XXXXXXXX.X..X.......#X.X.X.##.XX.XXXXXXXXXXXXXXXXX..X..X.#.X.X#.X.X.#.X#.X#.X.X..X..X.XXXX#.XXX..XXX..XX.X.X.X.X.#
XXXX##XX..X....#....#.X.X.X.#.X..X..#X.XX.XXX..X.....X..X#X...X.XXXXX..XX.X.#.#.#X.#X..X.............#..XXXXXX..XXXX..X..XX#.............#XXXX#XXX#X#...X..X#.X.X..XXXX#X#XX...#XXXX##XXX#XXX#X..XX#..........................X..X...XXXX.X.XX..XX#.............
X#XXXXXXX..###..X.XX............#..XX.X.X.X.XX..XX.X.XX..XXX.X...X#XX#.............X..XXX.X.X.X.XX.#X..XXXXXXXX..XXX#..X..XX.##.X.X.X.XX..#XX#XXXXXX..#X..XX#.#X..XXX#XXXXX..X#.X.X.X.X.X.#.X..X..X..X#.X.X.X#.X.X.X.X#.X.X.X..#..X.XXX##......#XX..XX.##X.X.#X.
XXXX#X#X..XXX..XXX#X.X.X.X.X.XX..X.............X..X.#.X.XXX...X.X..XX.#X#.X.X.X.X.#XX..#.X.X.X.##.X.XX..XXXXXX..XXXX..X..XX#...XXXXXXX##.XXXX#XXXXXXX.#XX..X..##X..XXXXXXXXX..X...............X..XXX.X..#X.XX.X.X.XXXXXXXXXX..X..X...XXXXX#X.X.XX#X..XXXXXXXXXX.
XXXXXXXXX..XXX.XX..X.XX.XXXXXX..X..X.X.X.#.X.XX.#.......#X#X.#...X.......XXXXXXXXXXX..X................#XXXXXXX..XXXX..X..X.#X.X.X.X.XX...XXXX#XXXXX..#X..XXX.XX..XXXX#XX#X..X..XX.X.X.X.X.XX..X..X...X..X...........XXXXXXXX..X..X.X.X.X.X.#.X.XX..#..#XXXXXX..
##X#XXXX..X.......#...X.X#XXXX#..X.#X.X.XXXX#.....XX.X.XX#X..XX.#X#X.X.X.X.X.X.#X.#.X.X.X.X.X.X.X#.#.X..XXXXXX..XX#X..#..XX.X..........X.XXX#XXXX#XX#..XX..X...XX..XXXX#XXXX..X..X#XXXXXXX..X.X..X..##..X..X.XX.XX.XX.#.X.X.X.X..X#...............X..X.XXXX#XXX.
X#XXXX#X#..XX.#.X..X.X..XXXXXX..X#..X......X#.XX.##.X.X.X.XX..X.XX#XXXX#..............X..XXXXXXX..#.X..XXXXXXXX..XXXX..X..X.X.#.X.X.#XX...XXX#XX#XX#..XX..XXX.XX..XXXXXXXXX..X..#XXXXXXXX..X...X..X..XX..XX.X.#X.#.............X..X.XX.X.X.X.X#.X.#.#..XX#X#XX..
XXXXXXXX..XX#X#X..X...X..XXXX#X..X.XX#XX.X#.#.XXX............#..#XXXXXX..XX.#X.X.X.X.X..XXXXXXX#.XX.XX.#X#XXXX..X#XXX.#..X...X#XXXXXXXXX.XXX#XXXX##XX..XX..X...XX..X#XXXXXXX..X..XXXXXXXXX..X.X..XX.XX..X..........XX.#X.X.X.#X..X....X.XXXX..#XX#...#..XXXXXXX.
XXXX#XXX#..XXXX#X..X.X..XXXXXX..XX.XXXX#......#.X.X.X.X.#.XXX..#.X.#.X.X..XXX.X.X.X.XXX..XXXXXX..#..X...XX#XXXX..XXXX.#X..X.XXXXXXXXXXX...X#XXXX#XXX..XX..XXX.XX..XXXXXXX#X..X..XXXX#XXXX..#...X..X...X..XX.#.#.X.XXXXXXXXXXXXX#.#.XXXX.XXX..XXXXXX.X..#X.##XX..
XXXXX#X#..###X##..X...X..XXXXXX..X.XX#X..XX.#X....#XXXX#.X.X.XX........#.X...........X..XX#.X.XX..X..X.#XXXXXX..XX.X.X.X.XX..XXXXX#XXXXX.XXXXXXXXXXX#..XX..X...XX..XXX.##..X..X..XXX#X#XXX.X.#X..XX#X#..X#.X.X.X.X.#X.X.X.X.#X.X.X#.X.X..XXX..XXXX...X........X.
XXXXXXXXX.XXXXXXX..#.X..X.##X.X.X.X.X..X.#XXX#.XX.##.XX.........#.X.XXX..#.X.X.X.X.X.XX..X.......X..X...XXXXXX#.............XX.X.###XXX...XXXX#XXXXXX.XX..XXX.XX..X.......X..X..XXXXXXXXX...XXXX..XXXX#.................................#X#..XXXXXX.XX.X.X.XXX..
XXXX#XXX...XX#XX..X#..X...............X...XXX#..X.......#X#.X.X..XX#XXXX..XXXXXXXXXX.X..#X.X.X.X..X..X.#XXXXX#XXXX.X.XX.X.##......#XXX#X.XXXXXXXX#XX#...X..X...XX..XX.X.X.XX..X..XX.X.#.XX.#X#X..XXXXXX#XX.X.#X.X.X.X.X.X.X.#.X.#.X.#.X..XX#..XXXX...X.XX..XXXX.
XXXXXXXXX.XXXXXXX..X.##.X#.X.X.#.#.XX.XX.XXX#..#X#.X.XX.X.XX#X..XX##XXX..XXXXXXXXXX...X.X..XX#X..#..XX.X.X.X.X#.X.#.X.X#.XX..XX.X.XX#XX...XXXXXX#XXXX#XX..XXX.#X..XXXXX.X..#.XX.X..........#XXXX..X##.X.X.X.X.XX.X##.#.#.X.XXXXXXX.XXX..XXX..XX.X.X.X.X.XX..XX..
XXXXXXXX...XXXXX..X..XX.X.XXXXXXXXX...X...XXX.XXXXXXXX#......#X..XXXXXXX..X#XXXXXX##.X...X..X..X..#........................X..XX..XXXX#X.XXXXXXXXX#XXXXXX..X...X#..XXX...XX...X.#.#X.X.X.X..XXX..X#........................#XXXXXX.XXX#..XX#...............##.X.
XXXXXXXXX.XXXXXXX..#..X......XXXXX..##.X.XXX..XXXXX#XXX#.X.X#X#.X#XXXXX..XXXX#XXXXXX..X.X..XX.##.XX#X.X.X.X.X.X.X.X.X.#.X#X..#XXX..#XXX...XXX#XXXXXXXXX#..#XX.XX..XXX#X.#XXX.X.#X.XXXX.#X..XXXXX..X.X.X.X.X.X.X.X.X.X.X.X#..XXXXX..XXX..XXX..XX.#X.#.##X.X#.....
XXXXXXXX...X#XXX#.X..X.#.XXXX.X.X.#X...#..#XX..X#XXXXXX#XXXXX#...XXX###X..XXXXXXXXX..X...X..#....X#X.X.X.X.X.X.X.X.X.X.X.X.X.XXX..XXXX#X.XXXXX##XXXXXXXX#..X...XX..#XX..XX.X.X.XX.XXX..XXX.XXXX..X...XXXX#XX.##XXXXXXXXXX..XXXXXXX..XXX..XXX..XX.XX##.X.#.X.X.X.
XXXXXXXXX.XX#XXX...X....##...........XXX.##X..X..XX.X.#X.X.#XXX.XXXX#XX..XXXXXXXXXXX..X.X..#..X.#...............................X..XXXX...XXXXXXXXXXXXXXXX.X#.XXX.X#.X#........#.X.X.X..XX.XXXXX..X.XXXXXXXX.#.X#.X#.XX..X..XXXXX..X#X..XXX#.XX#............#X..
XXXXXXXX...XXXXXX.X..XX.X..X.X.X.X.X#.......X..X............#X..XXXXXXXX..XXXXXXXXX..X...X..X..X..X.#.X.X.X.X.#X.#.#X.#.X#X#X.XX..#X#X.X.X.#.X.X.X.X.X.X.X..X..X.......#X.X.#X#........##.#.XXX..X...XX#XXX#............X..XXXXXXX..X#X..XX...XX.XX.X.X.X#X..X#.
XXXXXXXXX.XXXXXX#..X.#X..X..XXXX#..X..X####X..X#.X.#X.X.X.#.X.#X.X.X.X.X.X.X.X.X.X##..X.X..XX.XX#..XXXXXXXXXXXXXXXX#.X.#.X.X.X.XX..X.......................X..X..#.X.X..XXXXX#X.X.X.XX.........X..X.XXXXXXXX#.X.X.X.X.X..X.##XXXX..XXX..XXXX.X#X.X..XX.X#X..XX..
XXXXXXXX...XXXXX..X..X..X..XXXXXX#..#..XX##.X..##XXXXXXXXX#..........................X...X..X..X..XXXXXXXXXXXXX#..................#XXXX.#.#.X.X#.X.X.X.X.X..X..X..XXX#.XXXXXXXX..##XXX#.X.X.XXX..X...XXXXX#X..X#.#X#X#..X...XXX#XX..XXX..XX...#.X.X..X..X.#.#XX.
XX#X#XXXX.#XXXXX#..X.X#..X..#X##X..#..X.......#XXXXXXXXXXX..X.X.#.X.X.#.#.X.X.X.X.XX#.#.X..XX#..X..XX.#.X.X.#.#X.XX.X.X.X.X.X#.XX.X#.X.X.XXX#XXXXXXX###XX..X..X..XXX#...XXXXXX..XXXXXXXXXXXXX#XX..X.X.X.#XXXX..X.XXXXXX..X.XXXX#X..XX#..#XXX.X......#X#......#..
XXXXXXXX..#X#XXX..XX.X..X..X.....X..#..#XX.XX.#XXXXXXXXXXX#..X#XXXXXXXXXXXXXXXXX.X.X..X..X..X..X#.X..............#...XXXXXXXXXX..........#XXXXXXXXXXXXXXX#..X..X..XXXX.XXXXX#XX..XXXXXXXXXX#XXX..X#......#XX..X..XX.#.X.X...XXXXXX..#XX..XX#.X.X.XX#XXX.X.##X..#
X##XXXXXX..XX.X.#.X.X#X..X..XXX.X..X..XXX...X..XXX.X.X.X.X..XXXXXXXXXXXXXXXXXX#......X..X..XXX.X...#X.X.X.X.#.#.#XX.#XXX#XX##X..X#.X.X.X..XXX#XXXXXXXXXXX..X..X#.#XXX...XXX#X#..X.##X.##.X.#.X.X..#.X##X.XX#X..X........#X.XXXXXX..XXXX.X.X.XX..XXX.##.X.X.X.XX.
#XXXXX#X..X.............X..XXXX..X..X..#XX.#..X...........X.X.X.X.X.X.#.X.#.X.X.X.XX..X..X..X...X.XXXXXXXXXX#X.XXX..XX#X##XXXX#..XXXXXX..XXXXXXXXXX##XXXXX.#X..X..XXXX.XXXXXXX#..................##.X..X.XXX..X..X.X.X.##X.X.X.X.X..XX#........#................
XXXXXXXXX..#XX.X.#.X#.X#XX..XX..X..X..XXX...X..X#.#.X.X.X.X.....................#XX..X..X..XXX.X...XXXXXX#XXXX.XXXX..XXXXXXXXX..XXXXXXXX..#XXXXXXX#XXX#XX..X..#..XXX#...X#XXXX..#.X.X.X.X.#.X.XX.X....X...XXX..X..XX#XXX#..........XXXXX.X.X.X.X.X.X.X.X.X.X.XX.
#XXXXXXX..#XXXXXXXXX#XXXX..XXXX..X..X..XXX.X..X..X.X.X#X...##.#.X.X.X.X.X.X.X.X..XXX.#X..X..##..X.XXXXXXXXXXXX..XX..XXXXXXXXXXX.#XXXX#X..XXXXXXXXXXXXXXX#X..X..X..XXX#.XXXXXXXX..X.X.X.X.XX.#X...X.#X..X.XXX..X..XXXXXXX..#.X.X.XXX.X.X.X.X.X.#..#X...XXXXXX#X..
XXXXXXXXX..XXXXXXXXXXXXXXX..XX..X..X..XX#...X..X........#.#X#XXXXXXX#XX#XXX#XX..X....X..X..XXX.X...XXX##XXXXX..XX.#..XX.X.X.X.X.X.X.X..X..XXXXXXX##XXX#XX..X..X..XX#X...XXXXXX..X#.X.....X..X..XX.X.X.X...XXX..X..XXXXXXX..X.XX#................#X#X.XXXXXXXXXX.
XXXXXXXX..XX.X.X.X.X.X.X.X.XXX#..X..#..XXX.X#.XX.X.X#X.X..XXX#XX#XXXXXX#X#XXXX#..XX.#X#..X..XX.XX.#.X.X.#.#.X#......#.................X..XXXX#XXXXXXXXXXXX..X..X..XXXX.XXXXX##X..X..X.XX.#X..X#........X.XXX..XX.X.X.XXX..X#.XX..X##X.X.X.X.##.#X#X...XXXXXXXX..
XXXXXXXX#..................#XXX.X..X..XXX...#.X.X.X.XX..X..XXXXXXXXXXXXXXXXXXX..#XX#XXX.X..XX.X.X.X...........#X.X.XX#XX.X.X.#.#.X.XX..X.XXX#XXXXXXXXXXXX..X..X..XXXX...XXXXXX..X..X...X.X..XX..XX.X.#X...XX#..X........X..X..XX.#X#.X.X.X.X.XX.XX.#.XXXXXXXXXX.
#.X.#.#X..X.#.X.X.X.X.X.X.#XXX...#..#..XXX.X...........#..#XX#XXXXXXX#XXXXXXXXX..XXXXX...X.........#XX.X.X.XX#X#X...XXXXXXX#XXXXXXXXXX.X.XXXXXX#XXXXX##XXX..X..X..XXXX.XXXXX#XX..X..X.X...X..XX..XXXXXXX.##X..#X#.X.X.XX..#..X#X.XXX...............X..XXXXXXXX..
........X..XXXXXXXXXXXXXXXXXXX#.#..X..XXX...X#.X.X.X.X..X.XXXXXXXX#XXXXX#XX#XX..XXXXXXX.XX.X.X.X.#..XX#X..XX#....X.#X#XXXXXXXX#XX#.XX.X.X.X.X.X.#.X.X.X.#X.X..XX.#.XX...XXXXXX..X..X...X.X..XX..XXXXX#X..XXXX..XXXXXXXXXX..X..#.....#X#.X.X.X.X.XX#..XX#XX#XX#X.
.X.X##XX..XXXXXXX#X#.X.X.X.X#.X..X..X..XX#.XXXXXXXX.X..##..#XXXXX#XXXXXX#XXXXXX.#XX#XX...#..#.#XX..XXXX..##X#.#.X..X#XXXXXXXXXXXX#..........................X..X.....X.X.XX.X.X.XX..X.X...X..XX..XXXXXXX..XX..##.X.X.XXX..X..XX.#.X..XXXX.XXXXX#XXXX..XXXXXXXX..
.XXXX#XXX..XXX.##.X.............X..X..X.X...XXX#.....X..X.XX#XXXXXX#X.X.X.#.X.X.X.X.X.#.XX#......X.X.X.X..XXXX..#X..XXXXXXXXX#XXX..XX.X.X.X.X.X.X.#.X.X.X.#X..#X#.XXX..#...........#...X.X..##..XXXX#XX..XX##...........X..#.....X..XXXX...#XXXXXXX..X#XX#XXXXX.
..XXXXXX#.X.........#.X.X.##.XX..#..X.X.XX.XX#X..X.X.X.XX..XXXXXXX#...................X..XX#.X.X#........#XXXX.XX..XX#XXXXXX#XXXXX..XX##.X.X.X.X#X.X.X.X.XXXX.XXXXXXXX..XXX.XX.X.##.#.X#..X..XX..XXX#XXX..XXXX.X.X.X.#XX..X..X.X.#X..XXXX.XXX#XXXXX#..#XXXXXXX..
.X.#.XXX...XX.X.X.X..##XXX#XXXX.XX#.....X...XX.X.XX#......#XXXXX#X..#X.X.X.X.X.#.#.XXX..XXXXXXXX..#.#.XX..XXX..X#X..XXXXXXXXXXXXX..X...........#.........#X#...XXX.X.X.X.X.X.X#.XX..#..XXX..X##.XXXXXXX..XXXXX.XXXX#X#XXX..##.X.XX..#XXX...X#XXXXXXX.#XXXXX#X#X.
........X.XXX#X.XX..XX#XXXXXXXX.#XXXXXX.X#.X.......X.XX.X#XXXXXXXXX..XX.X.X.X.X.X.XX..X..#XXXXXXX..XXX##.XXXXX..#..XXXXXXXXXXXXXXX..XX.X.X.X.X...##.X.XX..XXX.X....................#..##.XX..X...XXXXXXX..XXX...XXXXXXXX..X.......X.#XXXX.#XXXXXXXX...#XXXXXXX..
.XX.X.XX...XXX...X#..XXX.X.X.X.X.##.X.X#.X..XX.#XXX.#X.X.#X.X.X.X.X.#.X.X............X..XXXX#XXX..XXXX#...XXX..XXX..XXXXXXX#XXXX#..X#..XXXXXXX#X...#XXXX.XXX...XX.X.X.###.X.X.X.X#..X.......#XX.XXX#XXX..XXX##.XXXXX#XXXX..X.X.XXX...XXX..XXXXXXXXXX.XXXXXXXXXX.
..#.XXXX#.XXXXX.XX..X......................XX.##........................#.X.X.X.#X.X..X..XXXXXXX#..XX#.X.#.X.#..X..XXXXXXXXXXXXXXX..XX..XXXXXXXXXXXXXXXX.XXXX.#XXX#XXXXX#XXXXXXXX..XX.X.X.X..X...XXXXXXX..XXXX..XXXXX##.X.XX..XX#XX.X.X.X..XXXXXXXX...XXXXXXXX..
.#X..XX#...XX#...#X.#.X.X.X.X.X.X.X.#.X.X##......X.X.#.X.X.X.X.X.#.#.XX..XXX#XXXX..X#X..XXXXXXX#..X#X#.........#XX..XXX#XXXXXXXXX..XX..XX.X.X.#X.X.#X.X.X.#X..#XX#XX#XXXXXX#XXX#X#..X.X.#X..XXX.XXXXXXX..XXXX..X#XXX#........#X#..........##XXXXXXXX.XXX##XXXXX.
.X..XXXXX.XXXXX.XX..#..XXX.X.X.X..X#XXXXXX..X#X.#XXXXXXXXXXX#XX#XXXXXX#.X##XXXXX#X..#XX..XXXXXXXX..XX..X###.XX..X..XXXXXXXXXXXXXXX..X#......................X..XXXXXXXXX#X#XXXXXX..XXX...##.XX#.#XXXXXXX..XXXX..XXXXX.XX.X.X.XXX.#.#.X.XX.#XX#XXXXX...XXXXXXX#..
.#X..XXX...XXX...#X..X..#....#.XX..XXXXXXXX..X#XXXXXX##XXXXXXXXXXXXXXX...XX.#.XX...#.X..X.X.X.X.#.XXXX..XXXXX..#X#..XXXXXX##XXX#X..XX..#X.X.X.X.X.X.#X.X.X.#..XX##.X#XXXXXXXXXXXXX..XXX.#X..XXX.#.X.XXX..XXXX..#.X#X#.XXX.X.X.X.X.X.X.XX...XXXXXXXX#.XXX#X#XXXX.
.X..X.X.X.X...X.XX..##.XX.XX.#.X..XXX#XXXX..XXXXXXXXXXXXXXXXXXXXXXXXXXX.X........#.#.X#...........X#XX.X#.X..X..X..XXX#XXXXXXXXXXX..XX..#X.X.X.X.X.XXXXXXX..X..X.....#X#XXXX#XX#X..XXX..#.#X.#.........X..XXX#.......#..................X.XXXXXXXXX...XXXX#XXX..
..#.........#X...XX..X..X..XX...X..XXXXXXXX..XXXX#XXXXXXXX#XXXXXXXXXXX...X#X.XX##XX..X..XX.#.X.X.#.XXX......X..XXX..XXXXXXXXXXXXX..XX..X...........#XXX#X..X..XX.X.X..XXXXX##XXX#X..XXX........#.X.#.XX..XXXXXX.#.XXX..XX.X.X.#.X.X.XX.X...X##.XX#XX.#XXX#XXXXX.
#X..X.X.##X..XX.XX..##.X#.X.#X.X..XXXXXXXX..XXXXXXXXXXXXXXXXXXXX#XXXX#X.XXX..#.X.X.X..X..XX.X.X.X.....##.X#..X..X..XXXXXXXXXXXXXXX..XX..XXX.X.X#.X..XXXXX#..X..X.XX.XX.#.X.X.X.X.X.X.X.XX.X.X.XXXXXXXXXX..XXXX..#X#XXX..XXXXXXXX.X.#.X..X.X.......#..#XXX###XXX.
..X.#X#XXX..XX...XX..X..X......#X..#XXXXXXX..XXXXXXXXXXXXX#XXX#XXXXX#X...XX#.........X..X.......X.X.X..XX.X.X..XXX..XXXXXX#XXXXXX..X#..X#X..#X..X..X#XXXX..X..#...#......................#.#.X.X.X#.X##..XXXX#X.#XXXX..XXXXXX..........X...X.#.##..#.X##X.X.#X.#
.X..#XXXXXX..XX.XX..X..XX.#X.X....#XXXXXXX..XXXXXXXXXXXXXXXXXXXXXXXXXXX.X#XXX.X.X.XX..X..XXX.XX.#.XX#.X......X..X..XXXXXX#XXXXXXXX..XX..XXX..X.XX#..XXXXXX..X..X.XX.X.X.#X.#.#X.X.#.#.XX..............#X..XXXX..XX.X.X.X.X.X.#####X.XX.XX.X..#XX..X#............
.XX.XXXXXX..XX...XX..X.X...X..X.X..#XXXXX#X..XXXXXXXXXXXXX#X#XXXXXXX#X...XXXX..#XX.X.X..XXX..XX#X..##..XXX.#X..XXX..#XXX#XXXXXX#X..XX..#XX..X..X.X.X.#XXX..X..#X..X..XXX#XXXX.XX.X.X#X..#.X.X.X.X.X.X.#..XX#XX#...................X..X.X...X..XXX..##X.X.#X.X.X.
....#XXXXXX..X#.#X..XX.X.XX..XXX..XXXXX#XX#.XXXXXXXXXXXXXXXXXXXXXXXXXXX.XXXX..XXX#....X.XXXX..XX..XX..#XXXXXXX..#..#XXXX#XXXXXXXXX..XX..X##..X.......XX.#X..#.X..X.#.X.X.X.#.........X.XX#.#.X.XXXXX...X..XX#X..X.X.X.#.X.X.X.X.XX..X.#XX.X#.XX#..X#XXX.X.#X.XX.
.X.#X#X.#.X.X#..#XX.X.X.X.XX..XXX.##XXXXXX...X#XXXXXXXXXXXXXXXX#XXXXXX..##XXX..XXXXXX#X.XXX..XXXX..X#..XXXXXX..XXX..#XXXXXXXX#XXX..XX#.#X#X.##.XX.#X#......#...X.............#.#.X.XX..XXX.X...##XXXX.X..XXXXXX..XXX.X.#.X.X.XXXXX#....X...X..XXX.X.XX.......X..
.##.........#XX..XX..........#XXX.XXXXXXXXX.X..#XX#XX#XXXXXXXXXXX#X#XXX.XXX#..X#.X.X.X.#.X.X..X#..XX..#XXXXXX#.XX..##XXXXXXXXXXXXX..X..#XX..X...XXXX..XX.X#XX.X..XX.#.X.X.X#..XXXXXXXX..XX.XX.#XXX##...X..XXXX..X............XXXXXX.XX.XX.X..X.........#.X.X#XX.
.X..XX.X.X.#XX..XX.#.X.X.X.X.XXX..X#X#XXXX...X.XXXXXXXXXXX#XXXXXXXXXX#X.XX#XX................#.#X..XX..XXX#XXX.XX#.XXXXXXX#XXXX#X..#XX..XXX..X.XXXX#X.X..#XX...X..#XXX.XXXX..XXXXXXXX..XX...X..XXXXXX.#..#XXXX#..XXXX.X.X.XX#.X.XX...X..#..X..XX.#.X.X.XXXXX##..
.XX..XXXXXXXXX#.....X#X.X.X.X.X.#X.X.#X.X.X.X#..XX#.X.X.##.X.X.X.X.X.X.#.X.X.XX.X.X.X.#.X.XX......#XX.#.X.X.X.X.XX..XX#XXX#XXXXXXX..X..XXX..XX.XXX#X...X..#XX.X..#XXX#....#X..XX#.X.XX..XX.#X.XXX#XX...X.X.X.#X.X.X.X..X.#........###..X..X..XX.X.X.X.X.X.X.#.#.
..X.XXXX#XXX#XX.X.#............................#................................#XXX.XXXXXXX#.#.X.XX#..............#XXXXXXXXXXXX#..XXX..XXX..X.XXXXXX.X..X#X...X.XXXXXX.#X.X.X.#.......#X..X...XXXXXX.X#..............##...X.X.##.X.XX..X..#..................X.
#.X.XXXXXXXXXXX..X..X#X.X.X.X.X.X.X.X.##.X.#.X..XX.X.X.X.X.X.X.X.X.X.X.X.X.X.XX..XXX.X.X.X.X.X.X.....#.X.X.X.X.X.X.XXXXXXXXXXX#XXX..X..XXX..X.X.X.X.X.XX..XXX.X...XXX##..........#.X.X..XX..X.XX#XXX...X.X.##X.X.X.XXX#X.X#..XX........X..X..XX.X.X.X.X.#X.X.X..
##.X.X.X.#.X.X.XX.X.X.XX.X.XXXXXX#X#XXXXX.X#X..#XX.#XXXXX.X.XXXXXXXXXXXXXXXXXX..XXX#.............X.X.XXX##XXXX#XXX.#XXXXXXXXXXXXX..XXX.XXX#...........X..X#X...XXX.X.#..X.#.#.XX..XXX..#X..X...XXXXXX.XX.X#X#.X.X.X.X.X.##.X..X.##.X.X.XX..X.#XXXXXXX#XXXXX...X.
..................X...........#XXXXXXXXXX.XXX#..X...##.......X.X.#X.#X.X.#.X#XX..XX..X.X.#X.X.XXX.X.X.#.X.X.#.X.X.X.X.X.X.#X.X.X.X.#XX.XXXXX#X.X.X.X.XXX....#.X........#XXXXXXX..XXXXX.#XX..X.X.X.#.#.X.X.XX.................##...XXX..X..X...XXXXXXX#XX.##X.X..
.#.X#X.X.#.#X.#.X..#.#.X#.X.#..XXXX#X#XX..XXX..XX#.XX..X.X.#.................#..XXXX..X.#.XXX#......................................#.X.X.#.X.X.#.X.X.X.XX.X...XXX.X.##XXXXXXXXX..#XX...X..X#................X.X.X.X.X.#.X.X.XXXXXXXXX#XX..X.XXXXXXX#........##.
..X.#.X.X.#X.X.X.#X.X.XX.X.X..XXXXXXXXXXX..XXX..#X..XX..XXX..XX.X.X.X.X.X.#X#XX.#XX#.#......X..X#.X.X.X.X.X.X.X.X.X.X.X.X.X.X.X.X.#........................#X.#X#XXXXXXXXXXX#XX..XXXXX.XX#....XX.X.X.X.X.#XXX.#.X.#.#.X.X.X.X.X.X.X.X.XX..X...XXXXXX..X#.#.X.X#.
#...........................X..XXXXXX#X#..XXX..XX..X#X.XXXXX..XX.X.X.X.X#..XXX...XXX.#.X.XX..X..XXXXXX.X.X.X.X.X#X.X.X.X.X.X.#.X.XX#.X.X.X.X.#.X.X.X.X.X.X#X...XXXXXXXXX#XX#XXXX..XXXX.XXX.X.XX.X.X.X.X.##..............................X..#.XXXXXXXX..XX..X.#..
.#X.X.X.#.X.X.X.X.X.X.#.X.X.X.X.#.X.X.X.X..XX#..X#..XX..#XX..X............#X##X.X......#XXX.X..XXXXXX#.X.....#......................XXXXXXXXXXXXXXX#XX#XX...X.#XXXXXXXXXXX#X#XX..X.XX.X.X.X.#..............XX.X.#X.X.X.#.X.X.X#.X.X.X.XX..X...XXXXXX..X..#..XX.X
.XXXXXXXX#XXXX#XXXXXXXXXXX#...............#XX..XXX.X..#..XX#.#.X###X.X.X.XXX#X...XX.XXXXX#X.XX..XXXXX..XX.XX.X.#X.X.X.X.X.X.##.#.XX..XXXXXXXXXXX.....#XX#X.X...XXXXXXXXXXXXXXXXX.#............X.X.X.X.X.X.##XXXXXX..XXX#XXXXXXXXXXXX#XXXX..X.X#XXXXXX..X...#X#.#
..XXXXXXX#XXXXXXXXXXXXXXXXXXXX.X.X.X.X.XXXX##X..X...X.X.X.#...XXX#XX#XX..X##XXX.X..X.X.X.X.X.X.X.X#.XX..X.X..X..#XX.##XX.X.XX.#.X.X.X.X.#.X.X.X.XX.X.X.X.X..X.X#X#X#XXXXXXXXXXX..X.X.X.X.#.X.#XXXX.X#X.X.X.X.X.XX..XXXXXXXXXXXXXXXXXXXXX..X...XXXXXX..XXX.XXXX.X
.#.X.X.X.X.X.X.#.X.X.#X.#.X.X.X.X.X.X.X.X.X.X..X#X.X..X...#X.X.#X.#.X.XX..XXXXX..#.....................#X..#..#.#X..X..............................#.......X...XXXXXXX#XXXX#XXXX.X..XXXXX#XXXXXXXX.X.............X..X#XXXXXXXXXXXXXXXXXXX..X.XXXXXXXX..##.XXX...
.............................................X.##...X.##X.X..#...........#.X.X.XX..XX.X.X.X.X.#.X.X.XX#X..XX.X...XX..#XX.X.X.X.X.X.#.X.X.X#.X#.X.X..X.X.XX..#.X#XXXX#XXXXXXXXX#...#..XXXX#XXXXXXX...X.X.X#.X.X.XX..XXXXXXXXXXXXXX#XXXXXX..XX.XXXXXXX#.XXX..XXX.X
#X#X.X.X.X.X.X.X.X.X.#.X.X.X.X.X.#.X.X.X.X.X.X.XXX.X..XX...#..XX.X.X.X.X.........#..#X.X.X.X.X.X.X.#.X.XX..X..X.XX..X#XXXXXXX##XXXX#XXXXXXX#XXXXX..XXXXXX..XX..XXXXXXXX#XXXXXXXX.X..#XXXXXXXXXXXXX.#X..XXXXXXXXXXX..XXXXXXXXXXXXXXXXXXXXX..X.XXXXX#XX.XX..XXX...
XXXXX.X.X.X.X.X.X.X#XXXXXXXXXXX#XXXXXXXXXXX#....X...X..XX.X..XXXXX..XXXX#.X.X.XX#..X......................#.XX...XX..XXXXXXXXXXXXX#XXXXXXXXXXXXXXX..X.#X#X.X..#XXXXXXXXXXXXXXXX#..X..XXX##XXXXXXX..#..XXXXXXXXXXX..XX.#.#.X.X.##X.X.X.X.X.#.X.X#.X.X.X.XX..XX#.X
XXX#X.X.........#.XXXXXXXXXX#XXXX#XXXXXXX#X..X##XX.X..X.X.XX.XX#X..XXXXXXXXXXXXXX#..X#X.X.X.X.X.X.X.X.X.##....X.XX..XXXXXXXXXX#XXXXXXXXXXXXXXX#XX..XX.XXX...X.XXXXXXXXXXXXXXXXXX.X..XX##XXXXXXXX#X.#X..XXXXXXXXX##........................................#XX...
XXXX#.#.XX.X.XX...#XXXXXXXXXXXXXXXXXXXXXXXXX..XXX...X......#....##..XXXXXXXXXXXXX..XXXXXXXXXX.#XXXXXXXXXXX.XXX...XX..XXXXXXXXXXXXXXXXXXX#XXXXXXXX#..X..XXX.X...XXXXXXXXXXXXXX#X#..X..XX#XXXXXXXXX..X..XXXX#XXXXXX##X.X.X.X.##X.X.X.#.X.X.##.X.X.X.X.X.X.X..XXX.X
XXX#...XX##..X.#X..XXXX#XXXXXXXXXXXXX##XXX#..X#XXX.#XXXX.X.X#.X.X..XXXXXXXXXXXXXXX..XX#X#XXX...XXXXXXXX#X..##XX.##..#XXXXX#XXXXX##XXXXXX#XXXX#XXX..X..#XX#..X.#XXXXXXXXXX##XXXXX#.#.#XXXXXX#XXXXXX..X..XXX#XXXXXXX#XX.X.X.X.X.X.X.X.X.X.X.XX.XXXXXXXXXXX..XXX...
XXXXX.XXXXX#....#.XXXXXXXXXXXXXXXXXX#X#X#XXX.#XXX..X#.X.X.X.XX...#..XXXXX#X#XXXXX..XXX#XXXX##.XX.X.X.X.X.#.#XX...XX.XXXXXXXXXXXXXXX#XXXXXXXXX#XXXX..X.XXX..X...XXXXXXXXXXXXXXXXXXX...X#X#XXXXXXX#..X..X.X.#XXXXXXXXX#........................#XXXXXXXXXXX..XX#.X
X#XX...XXX#..XX.X.XXXXXXXXXXXXXXXX#XXXXXXXX#.XXXXX............X.X..XXXXXXXXXXXXXXX..XXXXXXXX#..............##XX.XX...X#XX#XXXXXXXXXX#XXX#XXXXXXX#..#...#X#.#X.X#XXXXXXXXXXXXXXXX#X#.X..X#.#.X.X.X#..#......#XXXXXXXX..X#X.#X.X.X#.X.X.#.X.XX..XXXXXXXXXX..X#X...
###X#.XXXXXX..X.X.XX#X.X.X.X.X.X.X.##.#.X.X.X.X.#.XX.X.X.X.XXXX.XX..XXXXXX#XXXXXX..XXXXXX#XX..X.#.X.X.X.X.XXXX...XX.XXXXXXXXXXXXXXX#XXXXXX#X#XXXXX..X.XXX..X...XXXXXXXXXXXXX#X#XX#...X.............X..XX.X.XXXXXXXXXX.XXXX..XX..XX.XXXXXXX#..XXXXXXXXXXXX..XX#.#
.X##...XXXX#.X...#...................................#XXXXXX#...X..XXXXXXXXXXXXXXX.#XXXX##XX#..XXX#XXXXXX..X#XX.XX...XXXXXXXXXXXX#XXX#XXXXXXXXXXX#.X...#XX..X.#XXXXXXXXXXX#X###XXXX.XX.#.X.X.X.X#X#XX.#XXX.X#XXXXXXXX.XXXXX.X..X...#XXXX#XXX..XXXXXXXXXX..XXXX.X
...#X.XXXXX...#.X..#.#.X.X.X.#.X.#X.X.X.X.X.X.X.X.#X..XXXXXX..X#X#..XXXXX#XXXXXXX...XXXXXXXX..#XX#XXXXXX..XXXX...XX.XXXXXX#XXXXXXXXXXXXXXXXXXXXXX...X.XX#..X..#X.#.X.#.#X.X.X.##XX...X.#..XXX.X....#...XX...XXX.#X.#.X.X.XX..X..X.X.X.#X.#X..XXX#XXXXXXXX..XX...
.X.X...X#XXX.X...X..XXX##XXXXXXXXXX..#XXXXXXXXXXXXX..XXX#XXXX..XX..XXXXXXXX#XXXXXX.X#XXXXX#XX..XXXXXXXX#X..XXXX.#X...XXXXXXXXXX##XXXXXXXXXXXXXXXXX.XX..X#X..#.....................X.XXX..#XXX.XX.X..X.XX#X.#................#..X#..........X..#XXXXXXXXX#.XXX#.X
#...X.XXXXX...X.X..XXXXXXX#XXXX#XX..XXXXXXXXXXXXXXXX.#XXXXXX..XXXX..XXXX#XX#XXXXX...XXX.X.X.X.X.X.X.X.XX..XXXX...XX.XXXXXXXXXXXXXXXXXXXXXXXXXXXXX..#..XX.X.#.#X.#X.X.X.X.X.#X.X.#X...XX.XXXX..X...XX...XX..#.XX.X.X.X.X.X.X.#X..X#X.X.X.X.##.XXXXX#XXXXX...XXX..
XX.#X..X#XXX.X...X..XXXXXXXXXXXXXXX..XXXXXXXXXXXXXX..XXXX#XXX.#XX..#XXXXXXXXXXXXXX.X....................X..XXXX.X#...XXXXXXXXXXXXX#XXXXXXXXXXXXXXX..X........#XX.XX.X.X.X.X.XX...X#.XX..XXXXX..X.X..X.X..X..XXXXX#..XXX#X#.....#XXXXXXXXX.X...XXXXXXXXXXX.XXX..#
X..X..X.X.X...#.X..#XX##XXXXXX#XXX..X.#X.X.X.X.X.X.#X.X.#XXX...#.X..XXXXXXXXXX##X...XX.X.X.X.X.X.X.X.XXX..XXXX#..X#.XXXXXXXXXXXX#XXXXXXXXX#XX#XXX..#..X.X.XXXXX#..............X.#X...XX..XXX..X...X.#.#.X..XXXXXXXX..XXXX#.#.X..XXXXXXXX..#X.XXXXX#X#XXX...X##..
X#..X......X.X#.XX.XX##.X.X.#X.#.XX......................XX.X.X....#XXXXXXXXXXXXXX.X#.#.X.X.X.X.X.X.XX..X..XXX..#XX..#XXXXXXXXXXXX#XXXX#XXXXXXXXXX..XX.X.X.X.X.X.X#X.X.X.X.XXX...XX.#X..XXXXX.X#.X..X.X..X..XXXXX#..XXXXX...X..XXXXXXXXXX.##..XXXX#XXXXXX.XX#XX.
XX.#..X.##...#X..X..#..............#X.X.#.X.X.X.X.X.X.##......X.#X.XX#.X.X##.X.XXX.....................#..X.X.X.XX..XXXXXXX#X#XXXXXXXXXXXXXXXXXXX..#.............#XX#XXXX..XX#X.XX...XX..XXX...X..X.X...X..XX#XXXXX..#X##X.XX#..XXXXXXXX..X..XXXXXXXXXXX..#XX#..
#..XX.XXX..X#X..XX#..X##.X.X.#X.XX..XXXXXXXXXXXXXXXXX#X..X.X.#X..X#...............#.X.X.X#.X#.X#.X.X.X..X.........#..XXXXXXXXXXXXXXXXX#XXXXXXXXX#X..XX.X.#.##.X.#X#.XX...X..XX...XX.XX..XXXXX.X..X..X#X.XX..XXXXXX..XXX#X...X..XXXXXXX#XX..X.#XXXXXXXX#X#..XXXX.
XX..X.XXXX..#.X..X..XXXXXXX#XXX.X..XXXXXXXXXXXXXX#XXXXXX..XXXX..X.X.X.X.X.X.X.X.X..XXXXXXXXX##XXXXXXX..X..XX.X.#XX..XXXXXX#X#XXXXXXXXXXXXXXXXXXXX..#XXXXXXXXXXXX.......#X..XXX#.XX...#X..XX#..##..#.....X..XXXXXXXX..XXXXX.XXX..XXXXXXXX..XX.XXXXXXXX#XX..X#XX..
X..X.X.X.X.X....#XX..XXXXXX#XX...#..XXXXXXXX#XX#XXXXX#XX.XXX#X#.....#..XXXXXXX.X..XXXXXXX#...#X#X#XXXX..X..XXX#XXX#..XXX#X#XXXXX#XXXX#XXXXXXXXXXXX.#XXXXXXXXXXXX.X.X.X...X..XXX..XX.XX..XXXX#....#..XX.#XX..X#.XXX..#XXXX...X..XXXXXXXXXX..X.XXX#XXXX#XXX..XXXX.
X#.........X.XX..X..XXXXXXXXXXX.X..XXXXXXXX#XXXXXXXXXXX#.#X#XXX.XX.X..X#XXXXXX.XX..XXXXXX#.X.XXX#XXXX..X..XXX#XXXXX.XXXXXXXXXX#XXX#XXXXXXXXXXXXXX...XXXXX#XXXXX#.X..X##XX..XXX..X#...XX..XXXXXX.X#.#.XXXX..X......X..XXX.X.X.X..XXXXXXXX..X.X.X.X.#.X.XX..XX#X..
X..XX.X.X.X..X..XXX..X#XX#XXXX...X..XXXXX#XXXXXXXXXXXXXX#XXX#XX.#XXXX..#XXXXX..XX.XXXXXXXXX..XXX#XXXXX..X.X.X.X#XX...XXXXXXXXXXXXXXXXXX#XXXXXXX#XX.XXXXXXXXXXXXXX..XX.#.XX..#X#..XX.#X..X.##X.#..........X..X.X.XX..X........X.XXX#XXX#X#...............X..XXXX.
.X..XXXXXXXX..X..X..XX##XXX##XX.#X.X.X.#.X.X.X.X.X.#.X.X.X.X.X.X...#..XXXXXXX#....XXXXXXXXX#..XX#XXXX..X..........#.XXXX#XXXX#XXXXX#XXXXXXXXXX##X...XXXXXXXXXXXXX#.........#XX..XXX.XX#.........X##.X.XXX..X#.XXXXX..XX#.X#X.X.XXXXXXXXX..X.#.#X.X.###XX..XXXX..
.X.X#.X.X.X..X..XXX..XXXXXXX#X...X...............................##.#..XXXXXXX#XXX.#.X.XX#XX.XXXXX#XXX..X##.X.X.XX...XX#XXXX#XXXX#XXXXXXXXXXXXXXXX.##XXXXXXXXXX#X..X.X.X.X..XX#..XX....#XX.X.X.#XXXXX#...X..X..XXX..XXX#X.X.X.X.X.#.X.X.X.##XXXXXX..XXXXX..X##X.
..........#X..X..X..XXXXXXXXXXX.XX#.X#.X.X.X.X.X.X.X.X.X.X.X.X.X......XXXXXXXXX#..........X...XXXXXXX..XXXXXXXXXXXX.X#XXXXXXXX#X#XXXXXXXXXXXXXXXX...XXXXX#XXXXXXXX.XXX..XX.XXX..X#.#.X..XXXXXXXXXX#XXXX.X..#..XXXXX..X#.................#..XXXXXX..XXXXX..X#XX..
.X#.X.X.X.X..X..#XX..XXX#X#XXX...X.XXXXXXXXXXXXX##XX#XXXXXXX#X#X##.XXX.X.X.X.X.#.XX.X.X.X..X.XX#XXXX#X..X#XXXXXXXX...XXXXXXXXXXXXXXXXXXXXXXXXXXXXX.XXX##XXX#XXXXXX.XX..XX#....X..X.XX..X#XXXXXXXXXXXXX...X..X..XXX..X#..XX.X.X.X.X.X.XXX..XXX#XXXX..XXXXX..XXXX.
..###XXXX.XX..#.XX..XXXXXXXXXXX.XX.X.#...X#.X.X.X.X.X.X.X.X.X.#.X.#..............X..XXXX..X...XXXXX#X..X#X#XXXXXXX#.XXXXXXXXXXXXXXXXXXXXXX#XXX#XXX.X.X.#.X.X.X.X#.X.XX..XXX.XX..#X.##X..#XXXXX#XXXXXXX#.X..X#.XXXXX..XX..XXXXXXXX#..XXXXX..X#XXX#..X.X.X..XXXX..
.XXXXXXXX.X..X....X.XXXXXXXXX#...X.....#............................X.X.X.X.X.X.#.X..XX.X.XX.X#X#XXXXX..#XXXXXXXXX...XXXXXXXXXXXXXXXXXXXXXXXXXXXX#.....................X.X.X..X.X...X..#XX#XXXXXXXXX#XX..X..X..XXX..XX..XXXXXX##X#.XXXXX#.XXXX#X##......#..XXXX.
..XX#.X#.X#X..X#X.X..#X##XXXXXX.#X#XX.X..XX.X.X.X.X.X.#.#X.X.X.X.X.#XX.X.X.X.X.X....#.....X...#XXXXXX..XXX#XXXXXXX#.XXXXXXXXXXXX#XXXXXXXXXXXXXXXXX#.X.X.X#.X.X.X.X.X.#.X.....#...X.#XX..XXXXXXXXXXXX#X..X..X..XX.#X..XX..XXXXXXXXX..XXX#...X#XXXX..XX.#.X.XX#X..
.X...........#XXX.X#..XX#XXXXX..XXXXXXXX.#XX#XXXXXXXXXXXXXXXXX#XXXX............X.XX#..XX.#XX.#XXXXXXXX..XXXX#XXXXX...XXXXXXXXXXX#XXXXXXXXXX#XXXXX#XXXXXXXX#XXXXXXXXXX..##.XX..X.#..#.#.X.X.X.X.X.X#.#.#..X..X.......#X..XXXXXXXXX..XX.X.X.X.X.XX#X..#X..#..#.XX.
..XX.X##.X.XXX.X.X.X.X.#XXXX#XX..XXXXXX#..X...XXXXXXXXXXXXXXXXXXXX..X.X.X.X.X.X..XXXX..XX#X..XXXXXXXX..XXXXXXXXXXXX.XXXXXXXXXXXXXXXXXXXXXXXXXX#XXXXXXXXXXXXXXXXXXXXXX#..XX#..##..#......................#..#X.X.X.X.#.#.XX#XX#XXX#...............X.X...XXX#.....
.XX..XXXXXX#...........#XXXXXX..X#XXXX#..XXX.X.X.#X.X.X.X.X.X.#.X.X.XX.X.X#X..#X..XX..XXXXXX..XXXXXXX#..#XXXXXXXXX...#X#XX#XX#XXXXXXXX#XXXXXXXXXXXXXXXXX#XXXXXXXXXXXX..XXXXX..X.X..XX.#.X.X.X.X.X.X.X.X..X.X...X..X#X.#..#XX#XXXXX.X.X#X.X#X#X.X.X.X.X#.X.X.X.#.
..XX..XXXXX..XX.X.X.#X#XXXX#XXX..X#XXXXX..X#.............................#XXX.X..#XXX..XXXX..X.#.X.#X..XXXXX#XXXX#X.XXXXXXX###XXXXXXXXXXXXXXXXXXXXXXXX#XX#XXXXXXXXXXXX..XXX..X...X..XXXXXXXXXXXX.X.X#X..X...XX.##.....X#..#.X.X.X.X.X.X.X.X.X.X.X.XX.X......#XX.
.XX..#XXXXXX..XX.XXXXXXXXXXXXX..XXX#XXX..XX..X.X.X.#X.X.X.X.X.X.XX.X.X.X.XXX..#X..XX..XXXXX#.........X..XX#XXXXXXX...XXXXXXXXX#XXXXXXXXXXXX#XXXXXXXX#XX#XXXXXXXXXXXXX..XX#XX..X.X..#X#XXXXXX#.........X..X.XX.X.X.X.XX.X.X...........................X.X.#X..X..
..XX..XXXX#..XXX.XXXXXX#XXXXXXX..XXXXXXX..XX..#XXXXXXXXXXXXXXXX#.X#.X.X.X.X.X.X..XXXX..XXXX..X.X.#X.X..XXXXXXXXXX#X.XXXXXXXXXXXXXXX#XXXXXXXXXXXXXX#XXXXXXXXXXXXXX#XXXX..XXX..X..XX.XXXXXXXXX..XX.X.X.X..X#........#......X.X.X.X.X.X.X.X.X.X.X.X.X.X.X..XX..X#.#
.XX..#XXXXXX..XX.XX#XXXXXXXXXX..XXXXX#X..XX..X#XXXXXXX#...#.X.X...............#X..XX#.XXXXXX..XXXXX..X..XXXXXXXXXX...XXX#XXXXXXXXXXXX#XXXX#XX#XX#XXXXX#XXXXXXX#XXXXXX#.X#XXX..X....#XXXXXXXXX..#X.XX..X..X.XX.X.#X..X##.X..XX.XXXXX.X.X.X.#.#.X#X.XXX..XXXX..##.
..XX..X#XXX#.XX...XXXXXX#X#XXXX..XXX#XX#..XX..XXXXXX#XX.XX......#.#.X.X.X.X.X.X..XXX...#XXX..XX#XX..X..XX#XXXXXXXXX.XXXXXXXXXX#XXXXXXXXXXXXXXXXXXXXXXXXXX#XX#XX#XXXXX...XX#..X..X.#XXXXXXXXX..XXX.X..X..#....XXXXXX..XXX#X..X.##.....................#..XX..XXX.
.XX..XXXXX#...XX.##XXXX##XXXXX..XXXXXXX..XX..XX#XXX#XX..XX.X#.X..XXXX#XXXXXX...X..X#X.XXXXXX..XXXXX..X..XX#XXXXXXX...XXX#XXXXXXXXXXXXXXXXXXXXX#XXXXXXXXXXXXXX#XX#X#XXX.XX#XX..X..#XXXXXXXXXXX..XX..X..X..X#X.XXXXX..#XX#X..X..XX.XX.#X.#.X.X.X.X.X.#X..XXXX.XX..
.#XX..XXX##X.XX..XXXXXXXXXXXX#X..XXXXX#X..XX..XXXXXXXXX..X..XX..XXXXXXXXXXXXX.X..XXX...XXXX..XXXXX..X#.XXXXX#XX#XXX.XXXXXXXXXXXXXXX#XXXXXX#XXXXXXXX#X.#.X.#.#.X.X.XXX...XXX..X..XXXXXXXXXXXX..XX..X..X..X.X#X.X.X.X.X.X..#..X.....#XXX#X#XXXXXXX..X#XX..XXX.XX#.
..X..XXX#XX...XX..XXXXXXXXXXXX..XXX#XXX..XX..XXXXXXXXX..X..XXXX..XXXXXXXX#XX...X..X.X.XXXXXX..XXX#X..#..XXXXX#XXXX...XXXXXXX#XX#XXXXX#XXXXXXXXXXX##..................X.XXXXX..X.XXXXXXXXXXXXX.X.X..X..#.#...............X..XXXX.X.XXXXXXXXXXXX#..XX.X..#.X.X.XX.
.XXX..XXXX#X.XX..XXXXXXXXXXXX#X..##XXXXX..##..XXXXXXX#X.#X..XX..XXXXXXXX#XXX#.X..X#.X.X.X#X..XXXXX..X..#XXXXXXXXXXX.XXX#XXXXXXXXXXXXXX#XXXXXXXXXXXX#X#.X.X.#.X.X.#.X.X.XXXX#.XX.XXXXXXXXX#XXX.....X..X...XXX.#X.#X.#.X#.X.X.X.#X.X.X.#.X.X.X.X.#.....#..........
..X..XXXX#X...XX..XXXX#XX#XXXX..#XXXXXX..##..XXXXXXXXX..X..XXXX..XXXXXX##XXX...X..X.......#X..X#XX#..X..#XXXXX#XXX...XXXX#XXXXXXXXXXXXXXXXXXXXXXXX#XXXXXXXX#.XX.X.X.X.X.#X.#.X.X.X.X.X#.X#.X.XX#X.XX..X.#XXXX#XXXXXXX...#........................X.X.XX.X.X.X.X#
.XXX..XXXXXX.XX..XXXX#X#XXXXXXX.XXXXXXXX..XX..XX#XXXXXX..X..#X..XXXXXXXXXXXXX.X..X..X#.XX.X..XXXX#X.X..X#XXXXXXXXXX.XXXXXXXXXXXXXXXX#XXXXXXXXXXXXXX#XXXXXX##....................................#.X..X..#XXXXXXXXX#X..XX..X.#.X.X.##X.#.X.X.##X.#.X..X...XXX#XXX
.XX..XXXX#X...XX..XXXX#XXXXXXX...XXXXXX..XX..XXXXXXXXX..X..XXXX..XXXXXXXXXXX...#..X.XXX#...X..XXXX...X.#XXXXXXXXXX...XXXXXXXXXXXXXXXXXXXXX#X#X#XXXXXXX#XXXX..XX.X.X.X.X.X.X.#.X#.X.X.X.X.X.X.XX#.X.#..X..XXXXXXX##XXX..XX..#XX#X.XXXXXXXXXXXXXXX..#X..X.#X#XXX#X
#.X#..XXX#XX.XX..XXXXXXXX###.XX.#X#XXXXX..XX.X.X.X.X.XX..X..XX..XXXXX#XXXXXXX.#..X...XXXX.X..#X#XXX.X...X#XXXX#X#X#.X#XX#XXXXXXXXXXXXXXXX#XXX#XXXXX#XXXXXXXX.#XXX#XX.X.##X.X.X..X.X.X.#.#.X#X........X..XXXXXXXXXXX#..XX..XXXXXX.#.#.X.X.X.X#.XX.X...X..XXXXXXXX
.....XXX.X.X.X.X..XXXXXXX#......#X#XX.X..X#.............X..XXXX..X#XXXXX#XXX..##..X#X.X.X.XX..XXXX...X.XX#XX#XXXXXX..X#X#XXXXXXXXXXXXXXXXXXXXXXXXXX#XXXXXXX...XXXX#..........X.X#.X..........#.X.#.X.XX..XXXXXXXXX#XX..X#..XXXX#.................X.#..X..XXXXX#X
.X#X#............#XXXXXXXX.X.XX.##.....X..X.#.X#.X.X.XX.#X..#X..X#XXXXXXXXXXX.X..X........X..XXXXX#.X...XXXX#XXXXX..#XXXXXXXXXXX#XX#XX#XXXXX#XXXXXXX#XXXXXX#.XXXXXX.X.X.X.XX.X.X..XX.X.#.X.X.#.#X.X..X..XXXXXXXXXXXXX.XX..#XXXX..#X.X.X.X.X.X#.X.X..#X..XXX#XXXX
..XX..#.X.X.#.XX.X.X.X.XX..XX#...X.X.X.#.XX#XXXXXXXXXX..X..XXXX..X#X#XX#XXXX#..X..XXX.#X.#XX.#X#XXX..X.XXXX#XXXXX#X..XXX#X.X.X.##X.#.#X.#.X.X.X.X.X.X.X.X#X...XXXXX..XXXXXX##..X#..X.#XX#XX..X..X...XXX.XXXXXXXXXXX#....X..XXXX#.X..XXXXXXXX#.X.X.X.XXX..XXXXXXX
.#XXX..XXXXXXX...........#..XXX.X.X.XX.X.X.X.#.X.X#XXXX..X..X#..XX#XXXX#XXXXX.X..XXXXX#XXXX...#XXX..X...XXXXXXXXXX..XX.#...................................X.XX#XX..XXXXXXXXXX..#.#X..X#XXXXX..X..X#....#.X.X#.X.X.XXXXX..X#XXX...X..X#X#...........#X..XXXX#XX#
.XXX..XXX#XXX..X#.##.X.XX..#...........X...........##X..X..XXXX..XXX.#.X.XXX..##..XXXX#XXXXX.XXXXXX..X.XXXXXXXXXX##......X.X.X.X.X.X.X.X.X.X.X.X.X.X.X.X.XX...X#XXX..XXXXXXX#..X..X..XX.#.X.XX..#.X..X.#..............#XX.#XXXX#.X..X..XX.XX.X.X.XX..XX..XXXXXXX
..XXX..XXXXXXX..X#XXXXX#XX.##X.X.XX.XXXX#.###.X.XX.#XXX..X..XX..X...........#XX..XX#XXXXXXXX.XXXXX..X...X#XXXXXXXX..X.X.#XXXXXXXXXXXX.X..XX.X.X.X.X.X.X.XXXX.XX#XX..XX#XXXXXXX.#X..X...........##..X..X#.X.X.X.X.X.XX..X...XXXX...X..X....X..#XXXX..XX..XXXXXX#X
.XX#..XXXXXXX..XXX#XXXXXX..XX.X.#X.X.X.X.X#.XX.XX...XX..X..X#XX..XX.X.X.X.X.X.XX..XX#XXXXXXX..XXXXX..X.##XXXXX#XXXX.X##X...#XX#XXXXXX.XX..X..............X.X.XXXXXX..XX#XXXX#..X..X..X#X.X.X.X#XX.X..XXX..XXXXXXXXXX..XXX.XXXXXX.#..X#.X.#X#..XX##X.#XX..XXXXXXX
..XX#..X##XX#X..XXXXXXXXX#.......................X.XXXX..X..XX..XXX#..XXXX.......#.X.X.X#.X.X#.X.X.X.X.#.X.X.X.X.XX..#XX.X.X.X.X.X.XX.X..X..X.X.X.#.X.##......##XX..X##.X#.X.X..X..X..#X..X#XXXX..XX..X..XXXXXXXXX#XX..X..#XXXX...X..#.XXXX..XXXXX...X..XXX##XXX
.XXX..#XXXXXX#.XXXXXXX#XX#.X.X.X.X.X.X.X.X.X.X.XX...#X..X..XXXX..XXXX..#X..#.X.#.....................X.............##XX..X............#X..#..XXXXX.XXXX.#X.##.#X#X#............X..#..XX..#X.X.X.#X.#.X.X..XXXXXXXXXX..XXX..XXXX#.X..#......X..X#XXX.#XX..XXX#XXX
..XXX..X#XXXXX.X.X.X.X.XX...XXX#XXXXXX#XXX.XXXXX#X.X###..X..XX..XX#X..XXXX.XXXXX#.X.X.X.X#.X#.X.X.XX..#.X.X.X.X#.X..XXXX..X.#.X.X.X.X.#..X..X#XXXX.X#.....XX#..XX.X.X.X.#.X.XX.##.X#..X#.................#XXXXXXXXXXX..#..XXX#XX.X#..#XX.XX..XXXXX...X..XX.X.X.#
.##X..XXXXXXXX...........X.XXXXXXXXXXXXXX...XXXXX...XXX.X..#X#X.#XXXX..XX#.XXX...XXXXXXXXXXX#X.X#X..#.#X.XXXXXXXX..XXXX..XX#.X.X.X.X...X..X..XXXX#....X.#..X..X.....X.XXXXXX.X.X...X.XXX#XX.X.X.X.X.#.XX..XXXXXXXXX#..XX#.#X#.XX.X..X...#.XX..XXX.X.XX#.........
.XXXX.XX#.#.X.XXX.X.X.XXX...XXXXXXXXXX#XXX.X##XXXX.X.....X..XX...XXX..XX#.X.X.XX.#XXXXXXXXX#.......X...X.XXXXXXXXX..XXXX..X........#X.#..X..XX#XX..X.#XXX#.XX..#XX.X...XXXX#....X.X...XX.X.X.X.X#XXX.XX#.X##XXXXXXXXX..#...#....#X.XX.X......#.......#..X.X.X.X.
..XXX..X.........#XXXXXXXX.X##XXXXX#XXXXX...XXXXX...X#.#X..X#XX.XXXXX..X.........XXX.X.X.X.X.X.X.XXXX.X...X#XXXXX..XXXX..XX.X.X.XX.X...#..X..XXX.X.#XX#.X..X..X...XXX.XXXXX..X#X...X.X..........#.....X...XXXX#XX#XX..XX#.XX.XX..#..X.X#.X.#..XX.X.#.##..XXX#X..
.X.X.#.X.X.X.X.X..XXXXXXX...XXX#XXXXXXXXX#.XXXX#XX.X#X#XXX..XXX.X.XX..X#.X.X.X.X#............#X..X.X...#.#XX#XXXXX..XXXX..X.##XXXX.XX.X..X..X........X....#XX..XX.XX...XXXXX..XXX.X...XX#.X.X.X.X.#.X.XX.XXXXXXXX#X#X..X...X..X.X..X...XXXX..XXXXXX..X..X....#X.
.......X.XXXXXX..#XXXXXXXX.XXXXX##XXXXXXXX..XXXX#...XXXXX..#........X..X..##XXX#..X.X.X.X.X.#XX#....X.X#..#X#XXXX..XXXX..X#.X.X.X.X.X.#X..X..XX#X.#X.X.X#..X..XX...XX.X#X#X..X.X...X.XXXXXX##XX....X..X...XX#XXXXXXX..XXX.X..X...X..X.#XXXXX..#XXXXX..X..XX.XX..
.#X.X.#...XX#XXX..XX#XXXX...XXXXXXXXXX#XX..#XXXXXX.XXXXXXX..XX.X.XXX..X..XX.X.X.X.XXXXXX#XXXXXXX.XX.X.XX.XXXXXXXX#..XXXX..X..............#..XXXXXXXXX..#..XXX..X#.X#...XXX.X.X.XX.##.X.X.X.X.X.X#X..X..X.XXXXXXXXXXX#..X...X..X.XX.X..XXXXXX.XXXXXX#.XX.X.X..##.
..XX#XXX.XXXXXX..XXXXXXXXX.XXXXXXXXXXXXXXX.XXXXXX...XXX#X..X..#.X.X.X..X..............#XXX#XXXX#..#...X...XXXXX#X#.XXXX..X..XX.X.X.X.#.X.XX.X.X.X.X.XX..X..X..XX...XX.X........#...X..............#X..X...XXXXXXX#XX..XXX.X..X.....#X..XXXXX.XXXXXXX.X......#XX.
.XXXXXX...XXXXXX..XXXXX#X...XXXX#XXXXXXXX...X#XX#X.XXXXXXX..X.........#X.X.#.#.X.X.XXXXXXXXXXXXX#X..X#XX.XXXXXXXX...X#.X..X..XXXX.##XXX..#X............#..XXX..XX.XX...XX.X.#X.#X.#X#.X.#.X#.X.XX..XX..X.X#XXXXXXXXXX..XX.XX..X#.XX...#.X.X.#.X.X.X.X.XX.XXXXX..
..XXXXX#.XX#XXX..XX#.XX..X.XXXXXXXXXXX#XXX.XX#XXX...XXXX#..XXX.X.X.XX..#..XXXX#XX.X.X.X.X.X.X.X.X.X.XXX...X#XXXXXX.X.....#X.X#......XXX#XX.#.X.X.X.X.X..X..X..X#...XX.XXXXXXX#.X..XXXXX#XXXXXXXX..XX..X...XX.X.X.X.X..X......#X#XX#.XX..................#.X.X.X.
.X#.#XX...#XXXXX..X.....X...XXXXXXXXXXXXX...XXXXX#.XXXXXXX..XX..XXXX..X.XX.#.#.........................X.##XXXXXX...#.X#XXX.XXX##X.X.X.#....#XX#XX#XX..X..XXX.#XX.XX...#XXXXX...#..XX.#.#XXXXXXXX..XX..#.X..........#..XX#.X.X#XXX..X#.X.X.X#.#.X.X.X.X.........
.......X.XX##XX..XX.X.X..X.XXXXXX##XXXXX##.XXX#XX...XXXXX..XX..XXX#X#.X........XX.X.X.X.X.X.#X.X.X.#.##..#.#XXXXXX.X..X#.X.X.X.X.#.......XX.XXXXXXXXXX..X..X...X...XX.XXXXX#X#.X..X......#XXXXXXX.X...X...XX.X.X.#X.X.X.X.#.X.X.X.X..X.XXXXXXX#XXXXXXXX#.X.X.XX.
#.X.XXX...X....X..X.XX..X...XXXXXXXXXXXXX...XXXXXX.XXXX#XX..XX..XX#XX.X.X.X.X.XXXX#XXXXXXXXXX#XXXXX#XXX#....#XXXX...X..............XX.X.#X#.#XX#XXXXX..X..XXX.XXX.XX...XXXXXX#..X..XXX.X.XXXXXXX#...#..X.XXXXXXXXX#.................X...XXX#XXXXXXXXXXXXX#X#XX..
#XXXXX##.#X.XXX..X...XX..X.XXXXXXXXXXXXXXX.##XXXX...XXXX#..XX..#XX#X.X.X.X.X.X.##XXXXXXXXXXXXXXXXXXXXX#X.XX.XXXXXX.X#.X.X.X.X.X.X.#XXXXX#XX..XXXXXXXXX..X..X...X...X#.XXXXXXXXXX..X#XXXX..XXXXXXXX#XXXX...#XXXXX#XX.X#X.X#X.X.X.X.X.#X.XXXX#XXXXXXXXXXX#XXXXXXX.
XXXXXXX..X..XXXX..X.XX..X...XXXXXXXXXX#XX...X#XXXX.XXXXXXX..XX..X#...............X.X.X.X.#.X.X.X.X.X.X#.X.#..XXXX...X..XX#.#.X.X.X##XXXXXX..XXXXXXXXX..XX.XXX.XXX.XX#..XXX.X.#.XX..XXXX..#.#X.X.#.X.X.#X.X.X.X.X.X.X.X.X.X.X.#.X.X.XX...XXXXXXXXXXXX#XX#XXXXXXX.
XXX#XXXX..X..#X..X...#X..X.XXXXXXXXXXXX#X#.XX#X#X...#XXXX..XX..##..X.X.X.X.X.X.#............................#XXXXX.#..X............#XXXX###..XXXXXXXXX.#...X...#...X..#...........#X#.XX.#...........................................X.XXXXXXXXXXXX#X#XX#XXX#X#.
XXX#XXX..X#.XXXX..X.#X..X...X#.X.X#.X.#.#X..XXXX#X.X.X.#.X..XX.X..#X##XX#.XXXXX..XX.#.X.X.X.X.X.X.X.X.X.X.X..XXXX...X.##X.X.##.X.X..XXXXXX..XXXXXXXXXX.X.X#XX.XX#.#X#...#.X.#.X.X..X.....#.X#.X.X.X.X.X.#.#.X.X.#.X.X.X.X.X.X.X.X.XXX...X#XXXXXXXXXXXXXXXX#XXXX#
XXXXXXXX..X..XX..X..XXX.XX.X...............XX.X.#X.........#X..XX..XXXXXX.XXXXXX..XXXXXXX..XXXXXXXXXX#XXX#..XXXXXX.X..#X...#X.X.#X.X.X.X.X#..XX.X.#.X.#.X.X.X.X.X..XXXX#XX.X..XX..XX.#.X#...XX#XXXXXX#XXXXXX.XXX#XX#XXX#XX.XXXXXXXXXXX.XXXXXXXXXX#XXXX#X#X#XXXXX
XXXXXXX..X..XXXX..X..#X.X...X.X.#.X.#.X.XX#.......#.X.X.XX..XX..#.XXXXXXX..XXXX..XXXXXXX..XXX#XXXXXXXXX#XXX..X#XX...X..X#.X.................#.....................#.X.#.XX.XX..XX..X.XXXXX.XXXXXXXXX#X#XXXXX.X#.#X#XXXXXXX.XXXXXXXXXX...XXXXXXXX#XXXXXXXX#XX##XX
XX#XXXXX..X..XX..X..XX.X.X.X..XX.X.#.X.X.X..X.X.X.XXX#XXX..XX..X..#XXXXX..XXXXXX..XXXXXXX..XXXXXXXX##XXXXX..XXXXXX.X..XXX..X#X.X.X#X.X.X.XXXXXX#.X#X.X.X.#.X.#.XX..........#..XX..#...X#X...X#XXXXXXXXXXX##X.XX.XXXXXXXXXX..XXXXXXX#XX.XXXXXXXXXXXXXXXXXXXXX#XXX
XXXXX#X..X..XXXX..X.........#.............X.XXXX...XXXXXXX..XX.##..#.#.XX..XXXX#.XXXXXXX..XXXXX#X#XXXX#XXXX..XXXX...X..#..X.X.X.X.X.##X.X.X.X.X.X.X.X.X.X.#.X.X..#.X#.X.XX..X..#X..X.#XXXX.XXXXX#XXXXXX##XX...X.#XXXXXXXX..X.#.X.XX.#...#XXXXXXXXXXXXXXXXXXXX#XX
XXXX##XX..X..#X..X..X.X.X.#X..X.X.X.X.X.#.......X.XXXXXXX..XX..X..X.......#XXXX#..XXXXXXX..XXXXXXXXXXXXXXX..XXXX#X.X..XX#.......................................##XXXXXXX..X..XX..#...XXX...XXX##.X.X.#.X.#X.X..XX#XXXXXX#..........#X.XXXXXXXXXXXXXXXXXXXXXXXXX
XXXXXXX..X..XXXX..X#XXXXXXXX#..X.X.X.X##.XXX.XXX...XXXXXXX..XX..X.X.X.X#X..XXXX..X#XX#XX..XX#XXX#X#XXXXXXXX..XXXX...X..X..XX.X.X.X.X.X.X.X.X.X.X.#.X.X.X.#.X.XX#...X#....X..X..XX..X.#XXXX.XXXX..............#X..XXXXXXXX..XX.#.X.X.X...XXXXXXXXXXXXXXX#XX#X#X#X
XXXXXXXX..X..XX..X.XX.X.X.X.X.XX.X..........#XXXX.XXXXX#X..XX..XX.#.XX#X..XXXXXX..XXXXXXX..XXXXXX#XXXXXXXX..XX##XX.XX.XXX..XXXXXX#XXXXXXXXX.X#X.X.#.X.X.XX..XXXXX.X.X.X.X#.X..XXX.XX..XXX...X#.X.X.X.X.X.X.X.#..#XXXXXXXXX..X..X.XX.XX.XXXXXXXXXXXXXXXXXXX#XXXXX
XXXXXXX..X..XXXX.#...............#.X.X.X.XX..X#X...XXXXXXX..X#....X..X..X..XXXXX.XXXXXXX..XXXXX#XXXXXX###XX..XXXX...X..X..XX#XXXXX#XXXXXXXX.XX#.........X..XXXXX#.....#..#..X..XX.X..X.X.X.XX....#X.X.X.X.XX.XX..XXXXXXXX..X..X#....X...XX#XXXXXX#XXXXXXXXXXX#XX
XXX#XXXX..X..XX...##X.#.X.X#.X#X.X.X#..X#X..XXXXX.#XXXXXX..#X..X.X..XX.X#.X#.XXX..#.#.#.X..XXXXXXXXXXXX#XX..XXXX#X.XX#X.X.X.X#.X.X.X.X.X.XX..X..XX.X.XX..X..XXXX..XX.X..X..X..XX.#.#..........#X..X.............#XXXXXXXX#..#..X.#.#X#.XXXXXXXX#XX#XXX#XXXXXXXXX
XXXXXXX..X..XX#X.X..##.#.X.##.X.X.X.XX..XXX..XXX..XXXXXXXX..XX..XXX..#..........#X........#X#XX#XXXXX##XXXX..XXXX...X.......................#XX..XX#.XX#X..XX#XXX..XXXX..X..X........XX.X.#.X..X.X..#.X.#.X.#.X..XXXXXXXXX.X..X...XXX...XXX#XXXXXX#XXXXXX#X#X#XX
XXXXXXXX..X..XX...X....................#XX..#XXXX..XXXXXX..XX..#XX..X..X##.X.XX.#X.X.X.X#..XXX.X.X.X.#.XXX..XXXXXX.X..XX.#.X.X.X.X.X.X.X.XX..X..XXX...XXXX..XXXX..X..X..X..X..XX.#X.#XXXXXXX#.XX.XX.XXXXXXXXXXX.XXXXXXXX#...X..X#.XXXX.XXXXXXXXXXXX#XXXXX#XXXXXX
#XXXXX#..X..XX.#.X.XX.X.X.X.X.X.X.X.#X..XXX..XXX..#XXXXXXX..XX..XX#..X..XX#XXX...X..XXXX..X...............X..XXXX...#..XX.X.#.X.X.X.X.X.XX..XXX..XXX.X#XX..XXXXXX..X.XX..X..#..XX#XXX#XXXXXX...X..X.X##X#XX#XX#.XXX#XXXXX#XX..#...#XX...#XXXXXXXXX#XXXXX#X#XXXXX
XXXXXXXX..X...........#XXXXXXXXXXX#XX..X.XX.X...#..XXXXXX..XX..#XXX.#..XXXXXXXX.X..XXXXXX..#X.X.X.X.X.#.X.#.XXX#XX.X#.X...................X..X#.XXX...XXXX..XXXX..X..X..X..X..X..#XXXX#XXX#X#.X.X#.#.#.X.X.X.X.X.X.X.X.X.X.XX..XXXXXXX.X#XXXXXXXXX#XXX#X#XXXXXXX
XXXXXXX..#..X.X.#.X.X..XXXXXXXXXXXXXXX.X......#...#XXXX#XX..XX..XX...X..XXXXXX...X..XXXX..XXXXXXXXXX..XX#X...XXXX...X..XX#.X.X.X.X.X.X.#.X..XX...#XX.XX##..XX.X.X.X#..X..X..X.#X.XXXXXXXXXX#..................................#.X.XXX...XXXXXXXXXXXXX#XXXXXXXXXX
XXXXXXXX.XX.XXXXXXX#..X.#XXXXXXX#XXXXX.X.X#X#XXXX#XXXX#X#..XX..XXXX.X..XXXXXXXX.#..XXXX#X..XXXXXXXXXX..XXX#.XXXXXX.X..XXXXXXXXXXX#X.XXX..#X..XX.XXX...XXX#...........X..X..#.....##XXXXXXXX..#.X.X.X.X.X.X.X.X.X#.X.#.X.X.X.#........#.XXXXX#XXXXXXXXXXXXXXXXXXX
X#XXXXX...X.#XX.X.X.X.X.X.##X.X.X.X.X.X.X.X.X.X.X.X.X.X.#X.X#X..XX...X.#XXX#XX...X..XXXX..XXXXXX#XXX..XXX#X.XXXXX...X..XXXXXXXXXXXX.XXX.XX..XX#....X.XXXX###.X.X.#.#.XX..X..X#.X..XXXXXXXXXX..XXXXXXXXX##XX#XXXXXXXXXXXX#XXXX#.X.X.X.X..XXXXXXXXX#XXXXXXXXXXXXXX
XXXXXXX#.XX#..........#.....................................X..XX#X.XX.XXX#XXXX.X..X#XXXX..XXXXXXXX#X..XXXX.XX#XXX.X..XXX#XXXXXXXXX..X..XXX..XX#.XX...XXXXX#XXXXXXX#.X..X..X#XX..##XXXXXXXX#.XXXXXXXXXXXXXXXXXXXXXX#XXXXXXX#XX#XX#XXX..X#XXX#XXXXXXXXXXXXXXXXXXX
XXXXXXX...XX#XX.#X.X.X..X.X.X.X.X.X.X.X.X.X.X.X.X.X.#.X.X.#.#X..XX...#..#XXXX#...X..XXX#..XXXXXX#XXX..XX.X.#.X.#X...X..XXXXXXXXXXX..XXX..X..XXXXXX##.X#XXXXXXXX#XXXX#XX..X..X#XX..XXXXX#X#XX.X.X##.X##XXXXXXXXXXXXXXXXXXXX#.X#.#.XX#XX..XXXXXXXXXXXXXXXXX#XXXXXX
XXXXXXXX.XXXXXXXXXXXXXX..XXX#X#XXXXXXXXXXXXXXXXXXXXXXXX#XX..X..XXXX.XX#XX.X.X.X.XX.#XXXXX..XXXXXXXXX#............X.XX.X.X.X.X#.X.XX..X..#XX..#XXXX#X..XXXXXX#XXXXXXXXX..X..X..XX.XXXXXXXXXX#.........##XXXXXXXXXXXXXXXXXX#..........X..XXXX#XXXXXX#XXXXXXXXXXXXX
XX#XXXX...XXXXX#XXXXXX..#XXXXXXXX##XXXXXXXX#XXXXXXXXXXXXXXX..X..##...#.............#XXXX..X#XXX#.XXX..#.X.X.X.X#.#.#................#XX.XX..XXXXXXX..#.X.X.X##.X.X.X.XX..X..X....#XXXXXXXXX##.X.X.XX.X.X.#.##.X.X.X.X.X.#X.X.X.X#.X..X..XXXXXXXX#XXXXXXXXXXXXX#X
XX#XXXXX.XXXXX#XXXXXXXX.#X#XXXXX#XXXXXX#XXXXXXXXXXXXXXX#XX..X..XX#X.X..#.X.X.X.#.X..XXXXX.X.X.X.....X..X.X..#X..X...X#.X.X.X.X.X.XX..X...XX..XXXX#X#....................X..XX#X.#XXXXXXXXXXXXXXX#X.........................#XXXXXX..X..XXXXX#XXXXXXXXXXXXXXXXXXX
XXXXXXX...XXXXXXXXXXXX...X#X#XXXXXXXXXXXXXXXXX#XX#XXXX#XX#X..#..#X...X..XXXXXXXXX..X#XX#........#.X#..X#..#..X.XXX.XXXXX##X.X.X.XX..XX#.XXX.X.X.X.X.X.X.X.X.X#.X.X.X.XX..X..XXXX#XXXX#XX#XXXXXX#X..X#.#.X.X.X.X.X.#.X.XX.X.#XXXXX#X.X#..X#XXXXX#XX#XXXXXXXXXXXXX
XXXXXXXX.#XXXXXXXXXXXXX.XXXXXXXXXXX#XXXXXXXXXXXXX#XXXXXXXX..X..XX#X.#..XXXXXXXXXXX..XXX..#.X.XX..#XXX..X#...#X..#...X#............X..XX..#..........X.#XXXXXX#XXXXXXXX..#..XX#XX#XXXXXXXXXXXXXXXXX..XX##.X.X.X.X.X.X.X#.X.##.X.XX....X.#XXXXXXXXXXXX#XXXXXXXXXXX
XXXXXXX..XXX##X#XX#XXX...XXXXXXXXXXXXXXX#XXXXXXXXXXXXXXXX#X..X..XX..XX..XXXXXXXXX..X.X.X.XX#XX..X#XX..X#XX.XX..XXX.XX..X.X.X.X#.#X..#X..X..##.X.X.XX...XXXXXXXXXXXXXXXX..X..XXXXX#XXXX#XXXXXXXXXX..X.............................#XXX..XXX#XXXXXXXXXXXXXXXX#XXXX
X##.X.XX..X#XXXXXXX#XXX.#XXXXX#XXXXXXXXXXX#XXXXXXXXXXXXXXX..X..X..#..X.XXXXXXXXXXX.X.......#XX#.XXXXX..XX..XXX..X...XX..XXX..#XXXXX..#X.XX..XX#XXX..X.XXXXX#XXXXXXXXXX..X#.XXXXXXX#XXX#X#XXXXXXXXX..XX.X.X#.X.X#.X.X.X.X.X.X.X.X..X.XX..XXX#XXXXXXXXX#XXXXXXXXXX
#........#XXXXXXXX#X.X...#XXXXXXXXXXXXXXX#XXXXXXXXXX#XX#X.X.XX..X...#...#X#XX.X.#...XXX.XXX#XXX.XXXX..XXXX..X..XXX.XX..XXXXX.XXXXX..X#...#.#XXXXXX.X...XXX#XXX#XXXXXXXX.X...XXX#XX#XXXXXXXXXXXXXXX.XX#..XXXXXXX.X.X.X.X.XXX#X.XX.X.....XXXX#XX#XXXXXXXXXXXXXXXXX
X#.X.X.X.XXXXX#X##....X.XXXXX#XXXXXXXXX#XXXXXXXXXXX##X#......#.XX#.XX#.XX#........XX.X.X.X.X.X.X.#X.X.XXX..XXX..X...XX..XXX...XXXXX.X.X.X...##.X.X..X.#XXXX#XXXXXXXXXX...X.#XXXXXXXX#XXXXX#XXXXXXX.XX#.#XX#..............#.........#.#X.X.X.#X.#XXXXXXXXXXXXXXXX
X...XXX..#XXXXXXXX.XX.#.X.X.X.X.X.X.#.##.X.X.X.X.X#.XX..XX.#X...XX..#X.XXX.X.X.#.#....................#.XX..X..#XX.XX..XXXX#.XXXX#......#X.X.......X..X#X#XXXXX##XXXXXX.XX.X.X#.X.X#.X.X.X.X.X#.X.X.#X..XXX#XX.X.X.X.X.X.X.X.#X.#X..X...........#XX#XX#XXXXXXXXX
XX.X....XX.#X.###.#.#.................................#..XXXXX.XX..X##.XX.X.X.#X#..X.#.X.X.X.X.X.X.X.X.....#XX..X...XX.X.XX...X#XX.###X.X...X.X#.X.##..XXXXX#XX#X#X#XX..#..............................#XXXXXX#.X.X.XXX#.X..XXXXX..X#.X.X.#.X.X.#X.#.X.X.X.#.X.#
X...XX##..............X#.X.X.X.X.X.X#.X.X.X.X.X.X.X.X.X.XXXX##...X..XX#........X..#XXXX.X.X#X.X##.XXXX.X.X.#X..#XX.#X#.....X.#XXXX.XXX...X.X...XX...X.#XXXXXXXXXXXXXXXX..X#.X.X.X#.X.X.X.X.X.X.X.X.#.X#XXXXXX#......#XX...X..XXXX#..X..XXXXXXXX.................
XX.XXXX..X.X.##.X.#X.###XXX#X.X.X.XXX#XXXXXXXXXXXXXXX.X.XXXXXXX#X..XXX#.X#.X.X.XX..X............#.XXXX..#...X#..X...#XX.XXX..XX.X.X.X.X.X#..X.XXXX.X..XXXX#XXXXXXX#XX#..XX#XXX#XXX#XXXXXX#XXXXXX#XX#XXXXXXXXXX.X.XX.#XXX.X..XX#XX..X..XX#X.X.#.XX.#X.X.#X.X.X.X.
X...XXXX.#XXXXXXXXXXXXXX#XXX#......X.X.X.X.X.X.X.#.X.X.X.X.X.X.X.X..XX...XX.XX.X..X..X.X#.X.X.X#..#XX..XXX.XXXX.#X.X.#.XX.##.............X.#X..X#X..X..XXXX#XXXXXXXXXXX..XXXX#XXXX...##XXXXXX#XXXXXXXXXXXXXXX...XX..#XX...X..X...#..X..X.........#XXXXXXXXXXXX#.
XX.##XX...XXX#XXXXXX#XXXXXXX#.XX.#.................................#XXX.X#X.X..XX..XX...XXXXXXXX#..XXX..X..##X#...........#X#X.X.X.X.#.##.....#.X.X#..X#XXXXXXXXXXXXXXX.X.X.X##.X.XX.XXXXXXXX###XXX##XXXXX#X#X.#..X..XXX.#..XX.X.#.X..##.XX.X.XX..XXXXXXXXXXXX..
X..XX#XX.XX#XXXXXXXXXXXXXX#XX.XXX..X.#.#X.X.X.X.X.X.#.X.X.X.X.X.XX..XXX.X.X..X..#.XXXX.XXXXXXXXX..XXX..#..#XXX..X.#.#.X.X..XXXXXXXXXXXXX..#.X.......X..XXX.X.X.##X.X.#X..............#XXX##XXXXXXXXXXXXXXXXXX..XX.X.XXX...X.#..#X...X.#...XXX..X.X.X.X#.X.#.X.X.
#X..XXX...X#XX#XXX#XXXXXXXXX#.X#XX..XXX..XXX#XXXX.XX.X#XXXXXXXXXX..X........X..XX.XXX...XXXXX#XXX..XXX.XX..XXX#..XXXXXXX..XXXXXXXXXXX#XXX.X#X#.X#.XX..X................#.X.X.#.X.X.X..XXX.X.X.X.X.X.X.X.X.#.#X..#......#.X...X...X.X#..X.XXX..#.................
X..XXXXX.X..X.X.##.X.X.X.X.X.X.X.X.XXXXX.XXXXXXX...X.XXXXXXX#XXXXX..XXX#.XX..#....##X#.#XXXXXXXX..XXX...X.XXXXX.XXXXXXXXX..XX#XXXXXXX#X#......XXXXXXX..XX.X.#.X.#.X.X.#XXXXX#XXXXXX..#.........................XXX#X.X.#..#.XXX.X...X.#...XXX.X.#.#.X.X.X.X.#.X.
XX..XXX...X........................#XXXX.#XXXXX##.X#.X.X.X.#.X.X.#.#.X.X#X..XX#X.#XXX...X#XXXXXXX..#XX.X...XXXX.XXXX#XXX..XXXXXXXXXXXXXX.X.XX.X.X.XX..XXXXXXXXX#XXXX..XXXXXX#XXXXXXX..#XX.X.##X.X.X.#.X.#X.X.X#.#.X.X#X..X...X#..X.X#..X.XXX...XXXX#X#XXXXXXX#..
X..#.#XX.XXXXX#X.X.X.XX.X.X.X.X.X.#XX#X..XXXXXXXX..X......................X..X..XXXXXX.#X#XXXXXX..XXX...X.X.X#.X.X.X.XX.X.X.X.#.#.X.X.X.X.X#X.......#..XXXXXXX#XXXXXX..XXXX#XXXXXX#..XXXXX#XXXXXXXXXXXXXXXX#...........X..X.XX..X...#.X...XXX.XXXXXXX#XXXX#XXXX.
XX.X..XX.X#.X.X.X.X.X.XX#X.X.X.X.#.#.X.X..XXXXX#..X#.#.X.X.X.X.#X.#.X.X.XX..X#X.XXXXX..XX.##.X##X..X#X.X................X....................#.X.XX.X.#X#XXXXXXXXXX#..XXXXXXXXXXXXXX..X.X.X.X.X.X.X.X.X.X.X.XX.X.X.#.XX..XX.X#X..X.X..#X.XXX...XXXXXXXXXXXXXXX..
X...X....................#...............#.X#.X.X..X.XX.XXXXXXXXXX.X#XXXXXX..XX..XXXX#............#XX...X#.X.X.X.X.X.X##X##.X.X.X.X.#.X.X.XX..XXXXXX...X#XXXXXXXXX#XX..XX#XXXXXXXXX..X.........................#XXXXXXXX..X.....X...X#XX.XXX#.#XXXXXXXXXXXXXXXX.
XX.#X.X.#.X.X.X.X.X.X.XX..XXX.X.X.X#.#.X..........#........#XXXXXX.XX.X.X.X.X...XX#XXXXXXX.X.X.XX.XXXX.XXX#XXXXXXXXXXXXXXXXXXX#XXXXXXXXXX#X..#XXXXXXX.XXXXXXXXXXXXXX..XXXXXX#X#XXXXX.X.X.X.X.X.X.X##.X##.X.X.X..XXXX#XX..XX#.XX..X.X#.X.X.###..X#XXXXX#XXXXXXX..
X...X.XXXXXXXXXXXXXX#XX..XXXX#XXX..XXXXXX.X.#.X.X.X.X.X.XXXXXXXX##............##.X.#.X.X.X..XX#XX.XXX...XXXXXXXXXXX#XXXX#XXXXXXX#XXX#XXXXXXX..XX#XX#...XXXXXXXXXX#XXX..XXX#XXXXXXXXX...#XXXXX.XXXXXX#XXXXX#.X#.XX#XXXXXX..XXXXXXX..#........#.XX#XXXXX#XXXXXXXX.
X#.X.X.X.X.X.X.X.X.X.X.X.X.X#.XX..XX.X.X.X.X.X.X.X.X.X.X.X.X.X.X.#.XX.X.X.##X..............#.X.X.X.X.#.XX.X.X.X.X.###.X.X.X.#X.X.X.#.X.#.X.X.X.#.X.XX.##XXXXXXXX#XXX..X.X.X.#.X.X.X.#X.XXXXXX.#.X.X.X.X.X.#.......##.XX..XX.#.X.#X.X.X.X.#X.X..X#X.X.X.#X.X.X.X.
X#..............................#....................................XXXXXXXX#.#.X.X.X.X.X...........#................................................#XXX#XXXXX#XXX#..................#XXXX#...............X.#.X......#.............#XX#.....#.................
