................#XXX#.........................#.....#XXX#.......
.X.X.#X.X.X.X.X.XXXX..X.X.X.X.X.X.X.X.X.X.X.X.X.X.X.XXXX..X#X.X.
..XXXXX..XXXXX..XXXXX..XXXXX.XX..#XXXXXXXXXXX#...XX..XX.#.X..X..
.X...X..XXXXX#XX.#X.X.#XXXX#.X..XXXXXXXXXXXX#..#.#..#.....#.XXX.
..XX.XX..XXXX#........#.X#.X..X..X#XX#XXXX#XX.XXXXX...X.#X..XX..
.XXX.X..#XXXX..X.#.X.X.......#..X.X.X.#.X#.X.X.X.X.XXXXX...#.XX.
..X...#..XXXXX..XXXXXX.X.X.X..X.......................##.X......
.XX#.X..#XXXX..XXXXXXX.XXXX..X..XX.X.X.X.X.#.X.X.#.XX..#..X#.#X.
..#..X.XXXXXXX..X#XXX...##X#.#X..XX.X..X#XXXXXXX#XXX..XX.XXXXX..
.XX.X..XX.#XX..XXXXXXX.##XX...X.XXX.XX..XXXXXXXXXXXXX.#...XX##X.
.XX..#.......X..XXXXX...XXXX.X...X#.X..#XXXX#XX#XXXX...X.#XX#X..
....X..X.X.XX..XXXXXXX.XXXX...X.X#X..X..#X.X.X.X.#X.#.XX..XXXXX.
#X#X.X.XX...#X..XXXXX...XXXX.X#.....X..X.................#XXX#..
.........X.XX..X#XXXXX.XX#X#..X#.XX..X..XX#.XX.X#X.X.X.X.#XXXX.#
.XX.X.#XX...XX..XXXXX...XXX..XXX#XXXX..X..XX.#X.#.X.X.X.X.X.##..
..XXXXXXX#.X#..XXXXXXX.X#XXX.X.X.X#.#X..#.....................#.
.XXX#XXXXX..XX..XXXXX...XX#............X..XX.X.X.X.#X.X.X.X.X.X.
..XXXXXXX..XX..XXXXXXX.#XXX##.X.X.X.XX..X..XX.X.#.X#.XXXXXXX..X.
.XXXXXXXXX..#X..XXXXX..XX#XXXXXXXXX##..X..X...#......#.X.X.X#..X
..XXXX#XX..XX..XXXX#XX..XXXX#XXXXXXXXX..X..X.XXX.X.X..........#X
.XXXXX#X##..XX.#XXXXX..XXX#XXXX#XXXXX..X..X..XXX..X.#.X.X.X#X..X
..XXXXXXX..XX...XXXXXX..XXXXXXXXXXXXXX..X..X..X..XX.XXXX#XXX..XX
.XXXXXXXXX..XX.XXXXXX..XXXX#XX#X#XXXX#.X#.X..#XX..X..XXXXXXXX.XX
..XXXXXXX..XX...XXXXXX..XXX##XX#XXXXXX.X...X..X..X..##XXXXXXX.XX
.XXXXX#XXX..XX.XXXXXX..X.X.X.#.#.##.X.X.X.X.X.XX..X..#X##X.X.#.#
..#XXXXXX..XX...#XXXX#........................X..X..#...........
.XXXXXXXXX..XX.XXX#XX#.X.X.#X.X.X.X.#X.X.#.XX#XX..X.X.X.X.X.X.X.
..XXXXXXX..X.X.X.X.XX...XXX#XXXX.X#XX.X.X.#X..X..X..X..XX#XXXX..
.XXXXXXXX#...........X.XXX#X#................#.X..X..#..XX#XX#X.
..#XXX#XX..#X.#.X.XX#...XXX.X.#X.X.X.X.X.X.X.....#XX.X.#.X.XXX..
.XXXXXXXX#..XX#X.X.X.#.X........XXXXXX#XXX..X.XX..X#..........X.
..X#XX#XX..X.........X.X.X.X.#X..#XXX#XXX..XXXX..XX..X#.X.X.XX..
.XXXXXXXXX..X#X.XX#X.#.#..X.XX..XX#XXXXX#X..XX.X.XXX..XX.X.XXXX.
..XXXXXXX..X....#.X.X.#.XX....X.#XXXXXXXX..X......X..X......##..
.XXXXXXXXX..X.X............#X.X.XXXXXXXXXX..XXX.X.XX.#XXX.X.XXX.
..XXXXXXX..#X.X#.X.#.X.X.X..X.X.XXXXXXXXX..X.X.X.X.X.X.X.XX.#X..
.XXXXXXX#X.X...XXXXXXXXXX#.X.#.X.X.X#.X.XX..................###.
.XXXX#XXXX.XX.#XXXXX#XXXX..#..............#X.XX.X.X.X.X.X.X..X..
.XXXXXXXXX.X..XXXXXXXXXX#X..X.#.X.X##.X.X.X.X.X#.X.X.X.X.X.XXX#.
#.X.X.#.X.X.X..XX#XXXXXXX..X..XXXXXXXXXX#....................#..
..............#XXXXXXXXX#X..X..XXXXXXXXX.X.X.X.X.X.#.X#.X.#X..X.
.#.X.X.X.X.#X..X#XXXXXXXX..X..XXXXXXXXX...XXX.X.XXXXX#XXXXX..X..
..X.X.X.X.XX..XXXXXXX#XXXX..X..XX#XXXXXX.X....#.#XXXXXXX#XXX..X.
.X#.........X..X#XX#XXX#X..X..XXXXXXXXX...XX.XX..XXXX#XXXXX..X..
..#X.X.X.XX.#.X..#.X.##X.#.XX..XXX#XXXXX.XXX.#..X.#.X.X.XX.X.XX.
.#XX..XXXX#X...X..............#XXXXXXXX...X...#............X....
..X..XXXXXXXX.X..X.#X.X.X.#.X.##XXXXXXXX.XX#.X..XX.X##.##XXX#.X.
.XXX..XXXXXX..##..XXXXXXXXXX...#XXXXXXX...XX.#X.X..X.#X.#X.X.XX.
..X..XXXXXXXX..X.XXXXXX#XXXXX.XXXXXXXXXX.##..X...#..............
.XX#..#XXXXX..XX.XXXXXXXXXX#X.XXXXXXXXX...XX..X.X..X.##X.X.X.X.#
..X..XXXXXXX#..X.XXX#XXXXX#XX.XXXXXXXXXX.XX..XX.XX..X#X.X.XXXXX.
.XX.X.#.X.#.X.X.X.X#.X#.X.X#.X.X#XXX#XX...X#....X..X.........#X.
..X..............................#XXXXXX.X...#.XXX..X##X.X.X.X..
.XX#XX.X.X.X.#.X.X.X.X.X.X#.X.XX.XXXXXX...XXX.X.X..XXXX...X...X.
..#XXX#XXXXXXXXXXXXXXXXXXXX#XXXX..XXXXXX.X.......X..XX##.X..#X..
.X.X.#X.X.X.X.X.X.X.X.X.X.X.X.X.#X.X.X.X.X.X.X.X.X.X.X.X..X..XX.
.........................................#..X#X#.........#..XX..
.X.X.X.#X.X.X.#X.X.X.#.X.X.X.#X.#.X.X.X.#..XXXXX#X#.X#.X..X..XX.
..XXXXXXXXXXXXXXXXX#XXX.X.X.XXXXXXXXXXXX#X..XXX#.#.X.XX..X..XX..
.X.X.X.X.#.X.XX#XXXX##......#X#XXXXXXXXXX..XX##........X..X.X#X.
................#X#XXX.X.XX#XXXXXXXXXXXXXX..XXX.X.X.XXX..X..#X..
#.X.X.X.#.X.X.X..XXXX..XX#XXX#X#XXXXXXXXX..XXX..XX.#XXXX..XX#X#.
XXXXXXXXXXXXXXX.X.X.X#..XXXXXXXXXXXXXXXXXX.X.X#.....XX.X.##.#.X.
XX#XXXXXXXXX#..........#XXXXXXXXXXXXXXXXX#.....#X.#.............
